mode: set
github.com/emad-elsaid/xlog/build.go:26.53,27.18 1 0
github.com/emad-elsaid/xlog/build.go:27.18,29.3 1 0
github.com/emad-elsaid/xlog/build.go:29.8,31.3 1 0
github.com/emad-elsaid/xlog/build.go:34.31,45.16 3 0
github.com/emad-elsaid/xlog/build.go:45.16,47.3 1 0
github.com/emad-elsaid/xlog/build.go:49.2,49.59 1 0
github.com/emad-elsaid/xlog/build.go:49.59,57.17 2 0
github.com/emad-elsaid/xlog/build.go:57.17,59.4 1 0
github.com/emad-elsaid/xlog/build.go:61.3,61.13 1 0
github.com/emad-elsaid/xlog/build.go:64.2,64.45 1 0
github.com/emad-elsaid/xlog/build.go:64.45,66.3 1 0
github.com/emad-elsaid/xlog/build.go:70.2,70.88 1 0
github.com/emad-elsaid/xlog/build.go:70.88,71.16 1 0
github.com/emad-elsaid/xlog/build.go:71.16,72.37 1 0
github.com/emad-elsaid/xlog/build.go:72.37,74.5 1 0
github.com/emad-elsaid/xlog/build.go:76.3,77.17 2 0
github.com/emad-elsaid/xlog/build.go:77.17,79.4 1 0
github.com/emad-elsaid/xlog/build.go:80.3,80.16 1 0
github.com/emad-elsaid/xlog/build.go:80.16,81.38 1 0
github.com/emad-elsaid/xlog/build.go:81.38,83.5 1 0
github.com/emad-elsaid/xlog/build.go:85.3,85.45 1 0
github.com/emad-elsaid/xlog/build.go:85.45,87.4 1 0
github.com/emad-elsaid/xlog/build.go:90.2,90.64 1 0
github.com/emad-elsaid/xlog/build.go:90.64,98.17 2 0
github.com/emad-elsaid/xlog/build.go:98.17,100.4 1 0
github.com/emad-elsaid/xlog/build.go:102.3,102.14 1 0
github.com/emad-elsaid/xlog/build.go:105.2,105.55 1 0
github.com/emad-elsaid/xlog/build.go:105.55,113.17 2 0
github.com/emad-elsaid/xlog/build.go:113.17,115.4 1 0
github.com/emad-elsaid/xlog/build.go:117.3,117.14 1 0
github.com/emad-elsaid/xlog/build.go:120.2,120.84 1 0
github.com/emad-elsaid/xlog/build.go:120.84,121.17 1 0
github.com/emad-elsaid/xlog/build.go:121.17,123.4 1 0
github.com/emad-elsaid/xlog/build.go:125.3,127.20 2 0
github.com/emad-elsaid/xlog/build.go:127.20,128.61 1 0
github.com/emad-elsaid/xlog/build.go:128.61,130.5 1 0
github.com/emad-elsaid/xlog/build.go:131.9,131.53 1 0
github.com/emad-elsaid/xlog/build.go:131.53,133.4 1 0
github.com/emad-elsaid/xlog/build.go:133.9,135.18 2 0
github.com/emad-elsaid/xlog/build.go:135.18,137.5 1 0
github.com/emad-elsaid/xlog/build.go:139.4,139.71 1 0
github.com/emad-elsaid/xlog/build.go:139.71,141.5 1 0
github.com/emad-elsaid/xlog/build.go:144.3,144.13 1 0
github.com/emad-elsaid/xlog/build.go:148.66,150.16 2 0
github.com/emad-elsaid/xlog/build.go:150.16,152.3 1 0
github.com/emad-elsaid/xlog/build.go:154.2,157.54 3 0
github.com/emad-elsaid/xlog/build.go:157.54,159.3 1 0
github.com/emad-elsaid/xlog/build.go:161.2,161.46 1 0
github.com/emad-elsaid/xlog/build.go:161.46,163.3 1 0
github.com/emad-elsaid/xlog/build.go:165.2,166.16 2 0
github.com/emad-elsaid/xlog/build.go:166.16,168.3 1 0
github.com/emad-elsaid/xlog/build.go:169.2,169.15 1 0
github.com/emad-elsaid/xlog/build.go:169.15,170.51 1 0
github.com/emad-elsaid/xlog/build.go:170.51,172.4 1 0
github.com/emad-elsaid/xlog/build.go:175.2,175.46 1 0
github.com/emad-elsaid/xlog/command.go:22.46,24.2 1 0
github.com/emad-elsaid/xlog/command.go:30.33,32.26 2 0
github.com/emad-elsaid/xlog/command.go:32.26,34.3 1 0
github.com/emad-elsaid/xlog/command.go:36.2,36.13 1 0
github.com/emad-elsaid/xlog/command.go:41.51,43.2 1 0
github.com/emad-elsaid/xlog/command.go:48.38,50.31 2 0
github.com/emad-elsaid/xlog/command.go:50.31,52.3 1 0
github.com/emad-elsaid/xlog/command.go:54.2,54.13 1 0
github.com/emad-elsaid/xlog/command.go:60.43,62.2 1 0
github.com/emad-elsaid/xlog/command.go:67.30,69.23 2 0
github.com/emad-elsaid/xlog/command.go:69.23,71.3 1 0
github.com/emad-elsaid/xlog/command.go:72.2,72.13 1 0
github.com/emad-elsaid/xlog/each.go:22.35,24.2 1 0
github.com/emad-elsaid/xlog/each.go:29.35,30.33 1 0
github.com/emad-elsaid/xlog/each.go:30.33,31.23 1 0
github.com/emad-elsaid/xlog/each.go:31.23,33.4 1 0
github.com/emad-elsaid/xlog/each.go:36.2,36.14 1 0
github.com/emad-elsaid/xlog/each.go:44.40,49.19 4 0
github.com/emad-elsaid/xlog/each.go:49.19,54.3 4 0
github.com/emad-elsaid/xlog/each.go:56.2,56.15 1 0
github.com/emad-elsaid/xlog/each.go:61.50,66.19 4 0
github.com/emad-elsaid/xlog/each.go:66.19,71.3 4 0
github.com/emad-elsaid/xlog/each.go:73.2,73.27 1 0
github.com/emad-elsaid/xlog/each.go:73.27,74.10 1 0
github.com/emad-elsaid/xlog/each.go:75.21,76.10 1 0
github.com/emad-elsaid/xlog/each.go:77.11,78.8 1 0
github.com/emad-elsaid/xlog/each.go:87.62,92.19 4 0
github.com/emad-elsaid/xlog/each.go:92.19,97.3 4 0
github.com/emad-elsaid/xlog/each.go:99.2,106.12 6 0
github.com/emad-elsaid/xlog/each.go:106.12,107.21 1 0
github.com/emad-elsaid/xlog/each.go:107.21,109.4 1 0
github.com/emad-elsaid/xlog/each.go:110.3,110.15 1 0
github.com/emad-elsaid/xlog/each.go:113.2,113.27 1 0
github.com/emad-elsaid/xlog/each.go:113.27,114.10 1 0
github.com/emad-elsaid/xlog/each.go:115.21,116.9 1 0
github.com/emad-elsaid/xlog/each.go:117.11,118.30 1 0
github.com/emad-elsaid/xlog/each.go:118.30,120.19 2 0
github.com/emad-elsaid/xlog/each.go:120.19,122.6 1 0
github.com/emad-elsaid/xlog/each.go:124.5,126.11 2 0
github.com/emad-elsaid/xlog/each.go:131.2,131.35 1 0
github.com/emad-elsaid/xlog/each.go:131.35,133.3 1 0
github.com/emad-elsaid/xlog/each.go:134.2,137.15 3 0
github.com/emad-elsaid/xlog/each.go:141.29,152.2 3 0
github.com/emad-elsaid/xlog/each.go:154.42,159.2 4 0
github.com/emad-elsaid/xlog/each.go:161.46,166.18 3 0
github.com/emad-elsaid/xlog/each.go:166.18,168.3 1 0
github.com/emad-elsaid/xlog/each.go:170.2,171.28 2 0
github.com/emad-elsaid/xlog/each.go:171.28,172.10 1 0
github.com/emad-elsaid/xlog/each.go:173.21,174.10 1 0
github.com/emad-elsaid/xlog/each.go:175.11,176.29 1 0
github.com/emad-elsaid/xlog/each.go:176.29,178.5 1 0
github.com/emad-elsaid/xlog/events.go:38.46,42.33 3 0
github.com/emad-elsaid/xlog/events.go:42.33,44.3 1 0
github.com/emad-elsaid/xlog/events.go:46.2,46.42 1 0
github.com/emad-elsaid/xlog/events.go:52.35,57.9 4 0
github.com/emad-elsaid/xlog/events.go:57.9,59.3 1 0
github.com/emad-elsaid/xlog/events.go:61.2,61.29 1 0
github.com/emad-elsaid/xlog/events.go:61.29,62.30 1 0
github.com/emad-elsaid/xlog/events.go:62.30,64.4 1 0
github.com/emad-elsaid/xlog/extensions.go:16.37,18.2 1 0
github.com/emad-elsaid/xlog/extensions.go:20.23,21.40 1 0
github.com/emad-elsaid/xlog/extensions.go:21.40,24.3 2 0
github.com/emad-elsaid/xlog/extensions.go:26.2,29.28 4 0
github.com/emad-elsaid/xlog/extensions.go:29.28,30.54 1 0
github.com/emad-elsaid/xlog/extensions.go:30.54,32.12 2 0
github.com/emad-elsaid/xlog/extensions.go:35.3,36.60 2 0
github.com/emad-elsaid/xlog/extensions.go:39.2,39.72 1 0
github.com/emad-elsaid/xlog/flags.go:25.13,42.2 13 1
github.com/emad-elsaid/xlog/fs.go:15.56,16.35 1 0
github.com/emad-elsaid/xlog/fs.go:16.35,19.17 3 0
github.com/emad-elsaid/xlog/fs.go:19.17,21.4 1 0
github.com/emad-elsaid/xlog/fs.go:24.2,24.28 1 0
github.com/emad-elsaid/xlog/fs.go:35.33,37.2 1 0
github.com/emad-elsaid/xlog/fs.go:39.47,41.16 2 0
github.com/emad-elsaid/xlog/fs.go:41.16,43.3 1 0
github.com/emad-elsaid/xlog/fs.go:45.2,55.53 4 0
github.com/emad-elsaid/xlog/fs.go:55.53,57.3 1 0
github.com/emad-elsaid/xlog/fs.go:57.8,60.3 2 0
github.com/emad-elsaid/xlog/handlers.go:18.33,31.27 8 0
github.com/emad-elsaid/xlog/handlers.go:31.27,33.3 1 0
github.com/emad-elsaid/xlog/handlers.go:35.2,35.22 1 0
github.com/emad-elsaid/xlog/handlers.go:35.22,38.3 2 0
github.com/emad-elsaid/xlog/handlers.go:40.2,40.48 1 0
github.com/emad-elsaid/xlog/handlers.go:40.48,43.3 2 0
github.com/emad-elsaid/xlog/handlers.go:45.2,50.27 4 0
github.com/emad-elsaid/xlog/handlers.go:50.27,51.45 1 0
github.com/emad-elsaid/xlog/handlers.go:51.45,54.4 2 0
github.com/emad-elsaid/xlog/handlers.go:56.3,56.9 1 0
github.com/emad-elsaid/xlog/handlers.go:59.2,62.12 3 0
github.com/emad-elsaid/xlog/handlers.go:62.12,64.37 2 0
github.com/emad-elsaid/xlog/handlers.go:64.37,66.4 1 0
github.com/emad-elsaid/xlog/handlers.go:69.2,69.45 1 0
github.com/emad-elsaid/xlog/handlers.go:69.45,71.3 1 0
github.com/emad-elsaid/xlog/handlers.go:75.36,77.2 1 0
github.com/emad-elsaid/xlog/handlers.go:81.39,84.17 2 0
github.com/emad-elsaid/xlog/handlers.go:84.17,86.3 1 0
github.com/emad-elsaid/xlog/handlers.go:88.2,88.20 1 0
github.com/emad-elsaid/xlog/handlers.go:88.20,90.62 1 0
github.com/emad-elsaid/xlog/handlers.go:90.62,92.4 1 0
github.com/emad-elsaid/xlog/handlers.go:95.3,95.50 1 0
github.com/emad-elsaid/xlog/handlers.go:95.50,97.4 1 0
github.com/emad-elsaid/xlog/handlers.go:100.3,100.22 1 0
github.com/emad-elsaid/xlog/handlers.go:100.22,102.4 1 0
github.com/emad-elsaid/xlog/handlers.go:106.3,110.35 2 0
github.com/emad-elsaid/xlog/handlers.go:110.35,114.5 2 0
github.com/emad-elsaid/xlog/handlers.go:118.2,121.4 1 0
github.com/emad-elsaid/xlog/helpers.go:39.47,40.32 1 0
github.com/emad-elsaid/xlog/helpers.go:40.32,42.3 1 0
github.com/emad-elsaid/xlog/helpers.go:44.2,46.12 2 0
github.com/emad-elsaid/xlog/helpers.go:54.30,55.21 1 0
github.com/emad-elsaid/xlog/helpers.go:55.21,57.3 1 0
github.com/emad-elsaid/xlog/helpers.go:59.2,69.21 8 0
github.com/emad-elsaid/xlog/helpers.go:69.21,71.3 1 0
github.com/emad-elsaid/xlog/helpers.go:73.2,73.79 1 0
github.com/emad-elsaid/xlog/helpers.go:73.79,74.10 1 0
github.com/emad-elsaid/xlog/helpers.go:75.18,78.50 3 0
github.com/emad-elsaid/xlog/helpers.go:79.19,82.52 3 0
github.com/emad-elsaid/xlog/helpers.go:83.18,86.50 3 0
github.com/emad-elsaid/xlog/helpers.go:87.17,90.48 3 0
github.com/emad-elsaid/xlog/helpers.go:91.23,94.50 3 0
github.com/emad-elsaid/xlog/helpers.go:95.25,98.54 3 0
github.com/emad-elsaid/xlog/helpers.go:99.25,102.54 3 0
github.com/emad-elsaid/xlog/helpers.go:106.2,108.19 2 0
github.com/emad-elsaid/xlog/helpers.go:114.27,115.28 1 0
github.com/emad-elsaid/xlog/helpers.go:115.28,117.3 1 0
github.com/emad-elsaid/xlog/helpers.go:119.2,119.20 1 0
github.com/emad-elsaid/xlog/helpers.go:123.20,125.2 1 0
github.com/emad-elsaid/xlog/helpers.go:127.40,131.2 2 0
github.com/emad-elsaid/xlog/helpers.go:133.30,135.23 2 0
github.com/emad-elsaid/xlog/helpers.go:135.23,137.3 1 0
github.com/emad-elsaid/xlog/helpers.go:139.2,139.34 1 0
github.com/emad-elsaid/xlog/helpers.go:142.35,144.2 1 0
github.com/emad-elsaid/xlog/helpers.go:146.28,148.14 2 0
github.com/emad-elsaid/xlog/helpers.go:148.14,150.3 1 0
github.com/emad-elsaid/xlog/helpers.go:152.2,153.64 2 0
github.com/emad-elsaid/xlog/helpers.go:153.64,155.3 1 0
github.com/emad-elsaid/xlog/helpers.go:157.2,158.48 2 0
github.com/emad-elsaid/xlog/helpers.go:158.48,160.3 1 0
github.com/emad-elsaid/xlog/helpers.go:162.2,163.9 2 0
github.com/emad-elsaid/xlog/helpers.go:163.9,165.3 1 0
github.com/emad-elsaid/xlog/helpers.go:167.2,168.35 2 0
github.com/emad-elsaid/xlog/helpers.go:168.35,170.3 1 0
github.com/emad-elsaid/xlog/helpers.go:172.2,172.60 1 0
github.com/emad-elsaid/xlog/helpers.go:172.60,175.3 2 0
github.com/emad-elsaid/xlog/helpers.go:177.2,177.13 1 0
github.com/emad-elsaid/xlog/helpers.go:180.27,182.63 2 0
github.com/emad-elsaid/xlog/helpers.go:182.63,184.3 1 0
github.com/emad-elsaid/xlog/helpers.go:186.2,186.11 1 0
github.com/emad-elsaid/xlog/helpers.go:189.27,192.14 2 0
github.com/emad-elsaid/xlog/helpers.go:192.14,194.3 1 0
github.com/emad-elsaid/xlog/helpers.go:196.2,196.10 1 0
github.com/emad-elsaid/xlog/helpers.go:200.34,202.2 1 0
github.com/emad-elsaid/xlog/markdown_fs.go:20.42,22.16 2 1
github.com/emad-elsaid/xlog/markdown_fs.go:22.16,24.49 2 0
github.com/emad-elsaid/xlog/markdown_fs.go:27.2,34.26 2 1
github.com/emad-elsaid/xlog/markdown_fs.go:34.26,35.18 1 0
github.com/emad-elsaid/xlog/markdown_fs.go:35.18,37.5 1 0
github.com/emad-elsaid/xlog/markdown_fs.go:39.4,41.5 1 0
github.com/emad-elsaid/xlog/markdown_fs.go:45.2,45.33 1 1
github.com/emad-elsaid/xlog/markdown_fs.go:45.33,46.13 1 0
github.com/emad-elsaid/xlog/markdown_fs.go:46.13,50.18 3 0
github.com/emad-elsaid/xlog/markdown_fs.go:50.18,53.5 2 0
github.com/emad-elsaid/xlog/markdown_fs.go:55.4,55.74 1 0
github.com/emad-elsaid/xlog/markdown_fs.go:55.74,58.5 2 0
github.com/emad-elsaid/xlog/markdown_fs.go:59.4,61.8 2 0
github.com/emad-elsaid/xlog/markdown_fs.go:61.8,62.39 1 0
github.com/emad-elsaid/xlog/markdown_fs.go:63.53,65.20 2 0
github.com/emad-elsaid/xlog/markdown_fs.go:65.20,67.15 2 0
github.com/emad-elsaid/xlog/markdown_fs.go:70.6,70.44 1 0
github.com/emad-elsaid/xlog/markdown_fs.go:70.44,71.15 1 0
github.com/emad-elsaid/xlog/markdown_fs.go:74.6,74.32 1 0
github.com/emad-elsaid/xlog/markdown_fs.go:74.32,75.15 1 0
github.com/emad-elsaid/xlog/markdown_fs.go:78.6,81.26 4 0
github.com/emad-elsaid/xlog/markdown_fs.go:82.24,84.20 2 0
github.com/emad-elsaid/xlog/markdown_fs.go:84.20,86.15 2 0
github.com/emad-elsaid/xlog/markdown_fs.go:89.6,89.44 1 0
github.com/emad-elsaid/xlog/markdown_fs.go:89.44,90.15 1 0
github.com/emad-elsaid/xlog/markdown_fs.go:93.6,93.32 1 0
github.com/emad-elsaid/xlog/markdown_fs.go:93.32,94.15 1 0
github.com/emad-elsaid/xlog/markdown_fs.go:97.6,100.26 4 0
github.com/emad-elsaid/xlog/markdown_fs.go:106.2,106.11 1 1
github.com/emad-elsaid/xlog/markdown_fs.go:119.45,123.2 2 0
github.com/emad-elsaid/xlog/markdown_fs.go:125.62,126.81 1 0
github.com/emad-elsaid/xlog/markdown_fs.go:126.81,127.54 1 0
github.com/emad-elsaid/xlog/markdown_fs.go:127.54,129.4 1 0
github.com/emad-elsaid/xlog/markdown_fs.go:131.3,131.10 1 0
github.com/emad-elsaid/xlog/markdown_fs.go:133.21,134.40 1 0
github.com/emad-elsaid/xlog/markdown_fs.go:136.11,140.20 3 0
github.com/emad-elsaid/xlog/markdown_fs.go:140.20,142.5 1 0
github.com/emad-elsaid/xlog/markdown_fs.go:146.3,146.13 1 0
github.com/emad-elsaid/xlog/page.go:57.30,59.2 1 0
github.com/emad-elsaid/xlog/page.go:61.34,63.2 1 0
github.com/emad-elsaid/xlog/page.go:65.30,68.2 2 0
github.com/emad-elsaid/xlog/page.go:70.39,74.78 3 0
github.com/emad-elsaid/xlog/page.go:74.78,76.3 1 0
github.com/emad-elsaid/xlog/page.go:78.2,78.36 1 0
github.com/emad-elsaid/xlog/page.go:81.35,83.16 2 0
github.com/emad-elsaid/xlog/page.go:83.16,85.3 1 0
github.com/emad-elsaid/xlog/page.go:86.2,86.22 1 0
github.com/emad-elsaid/xlog/page.go:89.47,95.54 4 0
github.com/emad-elsaid/xlog/page.go:95.54,100.3 4 0
github.com/emad-elsaid/xlog/page.go:102.2,102.29 1 0
github.com/emad-elsaid/xlog/page.go:105.30,110.16 3 0
github.com/emad-elsaid/xlog/page.go:110.16,112.17 2 0
github.com/emad-elsaid/xlog/page.go:112.17,115.4 2 0
github.com/emad-elsaid/xlog/page.go:117.2,117.13 1 0
github.com/emad-elsaid/xlog/page.go:120.45,125.62 4 0
github.com/emad-elsaid/xlog/page.go:125.62,128.3 2 0
github.com/emad-elsaid/xlog/page.go:130.2,131.66 2 0
github.com/emad-elsaid/xlog/page.go:131.66,134.3 2 0
github.com/emad-elsaid/xlog/page.go:135.2,135.13 1 0
github.com/emad-elsaid/xlog/page.go:138.36,140.16 2 0
github.com/emad-elsaid/xlog/page.go:140.16,142.3 1 0
github.com/emad-elsaid/xlog/page.go:144.2,144.20 1 0
github.com/emad-elsaid/xlog/page.go:147.53,151.50 3 0
github.com/emad-elsaid/xlog/page.go:151.50,153.3 1 0
github.com/emad-elsaid/xlog/page.go:155.2,155.31 1 0
github.com/emad-elsaid/xlog/page.go:158.29,162.2 3 0
github.com/emad-elsaid/xlog/page.go:171.45,171.58 1 0
github.com/emad-elsaid/xlog/page.go:172.45,172.61 1 0
github.com/emad-elsaid/xlog/page.go:173.45,173.58 1 0
github.com/emad-elsaid/xlog/page.go:174.45,174.61 1 0
github.com/emad-elsaid/xlog/page.go:175.45,175.61 1 0
github.com/emad-elsaid/xlog/page.go:176.45,176.67 1 0
github.com/emad-elsaid/xlog/page.go:177.45,177.64 1 0
github.com/emad-elsaid/xlog/page.go:178.45,178.65 1 0
github.com/emad-elsaid/xlog/page.go:179.45,180.23 1 0
github.com/emad-elsaid/xlog/page.go:180.23,182.3 1 0
github.com/emad-elsaid/xlog/page.go:184.2,184.11 1 0
github.com/emad-elsaid/xlog/page_source.go:18.36,19.25 1 0
github.com/emad-elsaid/xlog/page_source.go:19.25,21.29 2 0
github.com/emad-elsaid/xlog/page_source.go:21.29,23.4 1 0
github.com/emad-elsaid/xlog/page_source.go:26.2,26.8 1 0
github.com/emad-elsaid/xlog/page_source.go:29.39,31.2 1 0
github.com/emad-elsaid/xlog/preprocessor.go:15.43,15.87 1 0
github.com/emad-elsaid/xlog/preprocessor.go:19.44,20.34 1 0
github.com/emad-elsaid/xlog/preprocessor.go:20.34,22.3 1 0
github.com/emad-elsaid/xlog/preprocessor.go:24.2,24.16 1 0
github.com/emad-elsaid/xlog/property.go:23.48,25.2 1 0
github.com/emad-elsaid/xlog/property.go:30.45,32.38 2 0
github.com/emad-elsaid/xlog/property.go:32.38,33.32 1 0
github.com/emad-elsaid/xlog/property.go:33.32,35.4 1 0
github.com/emad-elsaid/xlog/property.go:38.2,38.11 1 0
github.com/emad-elsaid/xlog/property.go:43.39,43.67 1 0
github.com/emad-elsaid/xlog/property.go:44.39,44.70 1 0
github.com/emad-elsaid/xlog/property.go:45.39,45.71 1 0
github.com/emad-elsaid/xlog/property.go:47.38,48.26 1 0
github.com/emad-elsaid/xlog/property.go:48.26,50.3 1 0
github.com/emad-elsaid/xlog/property.go:52.2,54.3 1 0
github.com/emad-elsaid/xlog/renderer.go:20.65,45.2 1 0
github.com/emad-elsaid/xlog/renderer.go:50.59,51.14 1 0
github.com/emad-elsaid/xlog/renderer.go:51.14,53.3 1 0
github.com/emad-elsaid/xlog/renderer.go:55.2,55.74 1 0
github.com/emad-elsaid/xlog/renderer.go:55.74,56.28 1 0
github.com/emad-elsaid/xlog/renderer.go:56.28,58.4 1 0
github.com/emad-elsaid/xlog/renderer.go:60.3,60.31 1 0
github.com/emad-elsaid/xlog/renderer.go:63.2,63.8 1 0
github.com/emad-elsaid/xlog/renderer.go:67.51,68.14 1 0
github.com/emad-elsaid/xlog/renderer.go:68.14,70.3 1 0
github.com/emad-elsaid/xlog/renderer.go:72.2,72.74 1 0
github.com/emad-elsaid/xlog/renderer.go:72.74,73.16 1 0
github.com/emad-elsaid/xlog/renderer.go:73.16,75.4 1 0
github.com/emad-elsaid/xlog/renderer.go:77.3,77.30 1 0
github.com/emad-elsaid/xlog/renderer.go:77.30,79.4 1 0
github.com/emad-elsaid/xlog/renderer.go:80.3,80.31 1 0
github.com/emad-elsaid/xlog/renderer.go:83.2,83.8 1 0
github.com/emad-elsaid/xlog/server.go:35.75,36.22 1 0
github.com/emad-elsaid/xlog/server.go:36.22,45.30 3 0
github.com/emad-elsaid/xlog/server.go:45.30,48.4 2 0
github.com/emad-elsaid/xlog/server.go:50.3,51.45 1 0
github.com/emad-elsaid/xlog/server.go:54.2,56.8 2 0
github.com/emad-elsaid/xlog/server.go:59.28,62.41 3 0
github.com/emad-elsaid/xlog/server.go:62.41,64.3 1 0
github.com/emad-elsaid/xlog/server.go:66.2,71.3 1 0
github.com/emad-elsaid/xlog/server.go:78.69,79.37 1 0
github.com/emad-elsaid/xlog/server.go:79.37,81.3 1 0
github.com/emad-elsaid/xlog/server.go:85.34,86.37 1 0
github.com/emad-elsaid/xlog/server.go:86.37,88.3 1 0
github.com/emad-elsaid/xlog/server.go:92.36,93.37 1 0
github.com/emad-elsaid/xlog/server.go:93.37,95.3 1 0
github.com/emad-elsaid/xlog/server.go:99.44,100.37 1 0
github.com/emad-elsaid/xlog/server.go:100.37,102.3 1 0
github.com/emad-elsaid/xlog/server.go:106.34,107.37 1 0
github.com/emad-elsaid/xlog/server.go:107.37,109.3 1 0
github.com/emad-elsaid/xlog/server.go:113.25,114.37 1 0
github.com/emad-elsaid/xlog/server.go:114.37,116.3 1 0
github.com/emad-elsaid/xlog/server.go:120.36,121.37 1 0
github.com/emad-elsaid/xlog/server.go:121.37,122.50 1 0
github.com/emad-elsaid/xlog/server.go:122.50,124.4 1 0
github.com/emad-elsaid/xlog/server.go:128.33,129.37 1 0
github.com/emad-elsaid/xlog/server.go:129.37,131.17 2 0
github.com/emad-elsaid/xlog/server.go:131.17,132.68 1 0
github.com/emad-elsaid/xlog/server.go:132.68,134.5 1 0
github.com/emad-elsaid/xlog/server.go:135.4,135.10 1 0
github.com/emad-elsaid/xlog/server.go:138.3,138.39 1 0
github.com/emad-elsaid/xlog/server.go:138.39,140.4 1 0
github.com/emad-elsaid/xlog/server.go:146.44,149.2 2 0
github.com/emad-elsaid/xlog/server.go:153.45,156.2 2 0
github.com/emad-elsaid/xlog/server.go:160.47,163.2 2 0
github.com/emad-elsaid/xlog/server.go:166.46,167.37 1 0
github.com/emad-elsaid/xlog/server.go:167.37,168.63 1 0
github.com/emad-elsaid/xlog/server.go:168.63,170.4 1 0
github.com/emad-elsaid/xlog/server.go:174.56,175.54 1 0
github.com/emad-elsaid/xlog/server.go:175.54,179.3 3 0
github.com/emad-elsaid/xlog/server.go:183.31,184.37 1 0
github.com/emad-elsaid/xlog/server.go:184.37,187.3 2 0
github.com/emad-elsaid/xlog/server.go:192.39,199.2 6 0
github.com/emad-elsaid/xlog/template.go:25.47,28.2 2 0
github.com/emad-elsaid/xlog/template.go:30.25,37.44 4 1
github.com/emad-elsaid/xlog/template.go:37.44,39.3 1 0
github.com/emad-elsaid/xlog/template.go:41.2,42.35 2 1
github.com/emad-elsaid/xlog/template.go:42.35,43.75 1 1
github.com/emad-elsaid/xlog/template.go:43.75,44.18 1 1
github.com/emad-elsaid/xlog/template.go:44.18,46.5 1 0
github.com/emad-elsaid/xlog/template.go:48.4,48.57 1 1
github.com/emad-elsaid/xlog/template.go:48.57,54.19 5 1
github.com/emad-elsaid/xlog/template.go:54.19,56.6 1 0
github.com/emad-elsaid/xlog/template.go:58.5,58.71 1 1
github.com/emad-elsaid/xlog/template.go:61.4,61.14 1 1
github.com/emad-elsaid/xlog/template.go:69.54,71.14 2 0
github.com/emad-elsaid/xlog/template.go:71.14,73.3 1 0
github.com/emad-elsaid/xlog/template.go:75.2,75.17 1 0
github.com/emad-elsaid/xlog/template.go:75.17,77.3 1 0
github.com/emad-elsaid/xlog/template.go:79.2,83.43 3 0
github.com/emad-elsaid/xlog/template.go:83.43,85.3 1 0
github.com/emad-elsaid/xlog/template.go:87.2,87.34 1 0
github.com/emad-elsaid/xlog/widgets.go:40.68,45.9 4 0
github.com/emad-elsaid/xlog/widgets.go:45.9,48.3 2 0
github.com/emad-elsaid/xlog/widgets.go:50.2,50.21 1 0
github.com/emad-elsaid/xlog/widgets.go:55.60,60.9 4 0
github.com/emad-elsaid/xlog/widgets.go:60.9,62.3 1 0
github.com/emad-elsaid/xlog/widgets.go:64.2,64.25 1 0
github.com/emad-elsaid/xlog/widgets.go:64.25,66.3 1 0
github.com/emad-elsaid/xlog/widgets.go:67.2,67.8 1 0
github.com/emad-elsaid/xlog/widgets.go:79.58,82.2 2 0
github.com/emad-elsaid/xlog/widgets.go:84.45,85.43 1 0
github.com/emad-elsaid/xlog/widgets.go:85.43,87.3 1 0
github.com/emad-elsaid/xlog/widgets.go:91.46,92.34 1 0
github.com/emad-elsaid/xlog/widgets.go:92.34,93.30 1 0
github.com/emad-elsaid/xlog/widgets.go:93.30,94.22 1 0
github.com/emad-elsaid/xlog/widgets.go:94.22,96.5 1 0
github.com/emad-elsaid/xlog/extensions/activitypub/activitypub.go:22.13,30.2 6 1
github.com/emad-elsaid/xlog/extensions/activitypub/activitypub.go:34.34,34.58 1 0
github.com/emad-elsaid/xlog/extensions/activitypub/activitypub.go:35.27,41.2 5 0
github.com/emad-elsaid/xlog/extensions/activitypub/activitypub.go:43.33,44.36 1 0
github.com/emad-elsaid/xlog/extensions/activitypub/activitypub.go:44.36,46.3 1 0
github.com/emad-elsaid/xlog/extensions/activitypub/activitypub.go:48.2,54.25 5 0
github.com/emad-elsaid/xlog/extensions/activitypub/activitypub.go:63.34,64.36 1 0
github.com/emad-elsaid/xlog/extensions/activitypub/activitypub.go:64.36,66.3 1 0
github.com/emad-elsaid/xlog/extensions/activitypub/activitypub.go:68.2,96.3 1 0
github.com/emad-elsaid/xlog/extensions/activitypub/activitypub.go:114.32,115.36 1 0
github.com/emad-elsaid/xlog/extensions/activitypub/activitypub.go:115.36,117.3 1 0
github.com/emad-elsaid/xlog/extensions/activitypub/activitypub.go:119.2,119.41 1 0
github.com/emad-elsaid/xlog/extensions/activitypub/activitypub.go:119.41,121.3 1 0
github.com/emad-elsaid/xlog/extensions/activitypub/activitypub.go:123.2,148.3 1 0
github.com/emad-elsaid/xlog/extensions/activitypub/activitypub.go:161.31,162.36 1 0
github.com/emad-elsaid/xlog/extensions/activitypub/activitypub.go:162.36,164.3 1 0
github.com/emad-elsaid/xlog/extensions/activitypub/activitypub.go:166.2,166.41 1 0
github.com/emad-elsaid/xlog/extensions/activitypub/activitypub.go:166.41,168.3 1 0
github.com/emad-elsaid/xlog/extensions/activitypub/activitypub.go:170.2,171.35 2 0
github.com/emad-elsaid/xlog/extensions/activitypub/activitypub.go:171.35,174.3 2 0
github.com/emad-elsaid/xlog/extensions/activitypub/activitypub.go:176.2,185.3 1 0
github.com/emad-elsaid/xlog/extensions/activitypub/activitypub.go:217.35,218.36 1 0
github.com/emad-elsaid/xlog/extensions/activitypub/activitypub.go:218.36,220.3 1 0
github.com/emad-elsaid/xlog/extensions/activitypub/activitypub.go:222.2,222.41 1 0
github.com/emad-elsaid/xlog/extensions/activitypub/activitypub.go:222.41,224.3 1 0
github.com/emad-elsaid/xlog/extensions/activitypub/activitypub.go:226.2,231.51 4 0
github.com/emad-elsaid/xlog/extensions/activitypub/activitypub.go:231.51,233.3 1 0
github.com/emad-elsaid/xlog/extensions/activitypub/activitypub.go:235.2,236.45 2 0
github.com/emad-elsaid/xlog/extensions/activitypub/activitypub.go:236.45,237.64 1 0
github.com/emad-elsaid/xlog/extensions/activitypub/activitypub.go:237.64,239.4 1 0
github.com/emad-elsaid/xlog/extensions/activitypub/activitypub.go:241.3,241.45 1 0
github.com/emad-elsaid/xlog/extensions/activitypub/activitypub.go:244.2,278.3 6 0
github.com/emad-elsaid/xlog/extensions/autolink/autolink.go:12.13,14.2 1 1
github.com/emad-elsaid/xlog/extensions/autolink/autolink.go:18.31,18.52 1 0
github.com/emad-elsaid/xlog/extensions/autolink/autolink.go:19.24,23.2 1 0
github.com/emad-elsaid/xlog/extensions/autolink/autolink.go:27.76,29.2 1 0
github.com/emad-elsaid/xlog/extensions/autolink/autolink.go:31.100,33.15 2 0
github.com/emad-elsaid/xlog/extensions/autolink/autolink.go:33.15,35.3 1 0
github.com/emad-elsaid/xlog/extensions/autolink/autolink.go:36.2,40.24 5 0
github.com/emad-elsaid/xlog/extensions/autolink/autolink.go:40.24,42.3 1 0
github.com/emad-elsaid/xlog/extensions/autolink/autolink.go:44.2,44.100 1 0
github.com/emad-elsaid/xlog/extensions/autolink/autolink.go:44.100,46.3 1 0
github.com/emad-elsaid/xlog/extensions/autolink/autolink.go:47.2,48.27 2 0
github.com/emad-elsaid/xlog/extensions/autolink/autolink.go:48.27,51.3 2 0
github.com/emad-elsaid/xlog/extensions/autolink/autolink.go:51.8,53.3 1 0
github.com/emad-elsaid/xlog/extensions/autolink/autolink.go:54.2,56.30 3 0
github.com/emad-elsaid/xlog/extensions/autolink_pages/autolink_pages.go:29.46,29.63 1 0
github.com/emad-elsaid/xlog/extensions/autolink_pages/autolink_pages.go:30.46,30.73 1 0
github.com/emad-elsaid/xlog/extensions/autolink_pages/autolink_pages.go:31.51,33.2 1 0
github.com/emad-elsaid/xlog/extensions/autolink_pages/autolink_pages.go:38.40,42.67 3 0
github.com/emad-elsaid/xlog/extensions/autolink_pages/autolink_pages.go:42.67,47.3 1 0
github.com/emad-elsaid/xlog/extensions/autolink_pages/autolink_pages.go:48.2,50.8 3 0
github.com/emad-elsaid/xlog/extensions/autolink_pages/autolink_pages.go:53.47,56.26 3 0
github.com/emad-elsaid/xlog/extensions/autolink_pages/autolink_pages.go:56.26,58.18 2 0
github.com/emad-elsaid/xlog/extensions/autolink_pages/autolink_pages.go:58.18,60.4 1 0
github.com/emad-elsaid/xlog/extensions/autolink_pages/autolink_pages.go:63.2,63.8 1 0
github.com/emad-elsaid/xlog/extensions/autolink_pages/autolink_pages.go:66.45,67.30 1 0
github.com/emad-elsaid/xlog/extensions/autolink_pages/autolink_pages.go:67.30,69.3 1 0
github.com/emad-elsaid/xlog/extensions/autolink_pages/autolink_pages.go:71.2,71.59 1 0
github.com/emad-elsaid/xlog/extensions/autolink_pages/autolink_pages.go:71.59,73.61 2 0
github.com/emad-elsaid/xlog/extensions/autolink_pages/autolink_pages.go:73.61,75.4 1 0
github.com/emad-elsaid/xlog/extensions/autolink_pages/autolink_pages.go:77.3,77.11 1 0
github.com/emad-elsaid/xlog/extensions/autolink_pages/autolink_pages.go:80.2,80.53 1 0
github.com/emad-elsaid/xlog/extensions/autolink_pages/autolink_pages.go:85.70,86.30 1 0
github.com/emad-elsaid/xlog/extensions/autolink_pages/autolink_pages.go:86.30,88.49 2 0
github.com/emad-elsaid/xlog/extensions/autolink_pages/autolink_pages.go:88.49,90.4 1 0
github.com/emad-elsaid/xlog/extensions/autolink_pages/autolink_pages.go:92.2,92.30 1 0
github.com/emad-elsaid/xlog/extensions/autolink_pages/autolink_pages.go:92.30,97.34 3 0
github.com/emad-elsaid/xlog/extensions/autolink_pages/autolink_pages.go:97.34,99.38 2 0
github.com/emad-elsaid/xlog/extensions/autolink_pages/autolink_pages.go:99.38,101.5 1 0
github.com/emad-elsaid/xlog/extensions/autolink_pages/autolink_pages.go:102.9,108.41 4 0
github.com/emad-elsaid/xlog/extensions/autolink_pages/autolink_pages.go:108.41,110.5 1 0
github.com/emad-elsaid/xlog/extensions/autolink_pages/autolink_pages.go:114.4,114.43 1 0
github.com/emad-elsaid/xlog/extensions/autolink_pages/autolink_pages.go:114.43,116.5 1 0
github.com/emad-elsaid/xlog/extensions/autolink_pages/autolink_pages.go:120.2,120.57 1 0
github.com/emad-elsaid/xlog/extensions/autolink_pages/autolink_pages.go:120.57,121.51 1 0
github.com/emad-elsaid/xlog/extensions/autolink_pages/autolink_pages.go:121.51,123.4 1 0
github.com/emad-elsaid/xlog/extensions/autolink_pages/autolink_pages.go:125.3,125.25 1 0
github.com/emad-elsaid/xlog/extensions/autolink_pages/autolink_pages.go:125.25,126.9 1 0
github.com/emad-elsaid/xlog/extensions/autolink_pages/autolink_pages.go:130.2,130.14 1 0
github.com/emad-elsaid/xlog/extensions/autolink_pages/extension.go:10.13,12.2 1 1
github.com/emad-elsaid/xlog/extensions/autolink_pages/extension.go:16.36,16.63 1 0
github.com/emad-elsaid/xlog/extensions/autolink_pages/extension.go:17.29,18.22 1 0
github.com/emad-elsaid/xlog/extensions/autolink_pages/extension.go:18.22,21.3 2 0
github.com/emad-elsaid/xlog/extensions/autolink_pages/extension.go:23.2,30.4 4 0
github.com/emad-elsaid/xlog/extensions/autolink_pages/node.go:15.38,17.2 1 0
github.com/emad-elsaid/xlog/extensions/autolink_pages/node.go:19.51,24.2 2 0
github.com/emad-elsaid/xlog/extensions/autolink_pages/parser.go:15.41,18.2 1 0
github.com/emad-elsaid/xlog/extensions/autolink_pages/parser.go:20.96,21.24 1 0
github.com/emad-elsaid/xlog/extensions/autolink_pages/parser.go:21.24,23.3 1 0
github.com/emad-elsaid/xlog/extensions/autolink_pages/parser.go:25.2,25.26 1 0
github.com/emad-elsaid/xlog/extensions/autolink_pages/parser.go:25.26,26.46 1 0
github.com/emad-elsaid/xlog/extensions/autolink_pages/parser.go:26.46,29.4 1 0
github.com/emad-elsaid/xlog/extensions/autolink_pages/parser.go:32.2,33.17 2 0
github.com/emad-elsaid/xlog/extensions/autolink_pages/parser.go:33.17,35.3 1 0
github.com/emad-elsaid/xlog/extensions/autolink_pages/parser.go:37.2,41.62 4 0
github.com/emad-elsaid/xlog/extensions/autolink_pages/parser.go:41.62,45.3 3 0
github.com/emad-elsaid/xlog/extensions/autolink_pages/parser.go:47.2,51.34 4 0
github.com/emad-elsaid/xlog/extensions/autolink_pages/parser.go:51.34,52.40 1 0
github.com/emad-elsaid/xlog/extensions/autolink_pages/parser.go:52.40,53.12 1 0
github.com/emad-elsaid/xlog/extensions/autolink_pages/parser.go:57.3,57.58 1 0
github.com/emad-elsaid/xlog/extensions/autolink_pages/parser.go:57.58,60.9 3 0
github.com/emad-elsaid/xlog/extensions/autolink_pages/parser.go:64.2,65.51 1 0
github.com/emad-elsaid/xlog/extensions/autolink_pages/parser.go:65.51,68.3 2 0
github.com/emad-elsaid/xlog/extensions/autolink_pages/parser.go:70.2,70.19 1 0
github.com/emad-elsaid/xlog/extensions/autolink_pages/parser.go:70.19,73.3 2 0
github.com/emad-elsaid/xlog/extensions/autolink_pages/parser.go:74.2,82.13 6 0
github.com/emad-elsaid/xlog/extensions/autolink_pages/renderer.go:13.83,15.2 1 0
github.com/emad-elsaid/xlog/extensions/autolink_pages/renderer.go:17.100,18.14 1 0
github.com/emad-elsaid/xlog/extensions/autolink_pages/renderer.go:18.14,25.17 3 0
github.com/emad-elsaid/xlog/extensions/autolink_pages/renderer.go:25.17,27.4 1 0
github.com/emad-elsaid/xlog/extensions/autolink_pages/renderer.go:29.3,29.51 1 0
github.com/emad-elsaid/xlog/extensions/autolink_pages/renderer.go:29.51,31.21 2 0
github.com/emad-elsaid/xlog/extensions/autolink_pages/renderer.go:31.21,33.5 1 0
github.com/emad-elsaid/xlog/extensions/autolink_pages/renderer.go:34.4,34.114 1 0
github.com/emad-elsaid/xlog/extensions/autolink_pages/renderer.go:34.114,36.5 1 0
github.com/emad-elsaid/xlog/extensions/autolink_pages/renderer.go:38.8,39.50 1 0
github.com/emad-elsaid/xlog/extensions/autolink_pages/renderer.go:39.50,41.4 1 0
github.com/emad-elsaid/xlog/extensions/autolink_pages/renderer.go:44.2,44.30 1 0
github.com/emad-elsaid/xlog/extensions/blocks/blocks.go:20.13,22.2 1 1
github.com/emad-elsaid/xlog/extensions/blocks/blocks.go:26.29,26.48 1 0
github.com/emad-elsaid/xlog/extensions/blocks/blocks.go:27.22,33.2 5 0
github.com/emad-elsaid/xlog/extensions/blocks/blocks.go:35.27,36.91 1 0
github.com/emad-elsaid/xlog/extensions/blocks/blocks.go:36.91,37.17 1 0
github.com/emad-elsaid/xlog/extensions/blocks/blocks.go:37.17,39.4 1 0
github.com/emad-elsaid/xlog/extensions/blocks/blocks.go:41.3,41.16 1 0
github.com/emad-elsaid/xlog/extensions/blocks/blocks.go:41.16,43.4 1 0
github.com/emad-elsaid/xlog/extensions/blocks/blocks.go:45.3,50.13 4 0
github.com/emad-elsaid/xlog/extensions/blocks/blocks.go:54.27,55.80 1 0
github.com/emad-elsaid/xlog/extensions/blocks/blocks.go:55.80,56.17 1 0
github.com/emad-elsaid/xlog/extensions/blocks/blocks.go:56.17,58.4 1 0
github.com/emad-elsaid/xlog/extensions/blocks/blocks.go:60.3,60.16 1 0
github.com/emad-elsaid/xlog/extensions/blocks/blocks.go:60.16,62.4 1 0
github.com/emad-elsaid/xlog/extensions/blocks/blocks.go:64.3,66.13 2 0
github.com/emad-elsaid/xlog/extensions/blocks/blocks.go:70.37,72.2 1 0
github.com/emad-elsaid/xlog/extensions/blocks/blocks.go:74.58,75.46 1 0
github.com/emad-elsaid/xlog/extensions/blocks/blocks.go:75.46,78.56 2 0
github.com/emad-elsaid/xlog/extensions/blocks/blocks.go:78.56,80.4 1 0
github.com/emad-elsaid/xlog/extensions/blocks/blocks.go:82.3,84.31 2 0
github.com/emad-elsaid/xlog/extensions/custom_widget/main.go:14.13,20.2 4 1
github.com/emad-elsaid/xlog/extensions/custom_widget/main.go:24.35,24.61 1 0
github.com/emad-elsaid/xlog/extensions/custom_widget/main.go:25.28,26.21 1 0
github.com/emad-elsaid/xlog/extensions/custom_widget/main.go:26.21,27.58 1 0
github.com/emad-elsaid/xlog/extensions/custom_widget/main.go:27.58,29.4 1 0
github.com/emad-elsaid/xlog/extensions/custom_widget/main.go:31.2,31.28 1 0
github.com/emad-elsaid/xlog/extensions/custom_widget/main.go:31.28,32.64 1 0
github.com/emad-elsaid/xlog/extensions/custom_widget/main.go:32.64,34.4 1 0
github.com/emad-elsaid/xlog/extensions/custom_widget/main.go:36.2,36.27 1 0
github.com/emad-elsaid/xlog/extensions/custom_widget/main.go:36.27,37.63 1 0
github.com/emad-elsaid/xlog/extensions/custom_widget/main.go:37.63,39.4 1 0
github.com/emad-elsaid/xlog/extensions/custom_widget/main.go:43.57,45.16 2 0
github.com/emad-elsaid/xlog/extensions/custom_widget/main.go:45.16,46.13 1 0
github.com/emad-elsaid/xlog/extensions/custom_widget/main.go:49.2,49.25 1 0
github.com/emad-elsaid/xlog/cmd/xlog/xlog.go:13.13,15.2 1 0
github.com/emad-elsaid/xlog/extensions/date/extension.go:10.13,12.2 1 1
github.com/emad-elsaid/xlog/extensions/date/extension.go:16.27,16.44 1 0
github.com/emad-elsaid/xlog/extensions/date/extension.go:17.20,31.2 7 0
github.com/emad-elsaid/xlog/extensions/date/handlers.go:14.36,17.16 3 0
github.com/emad-elsaid/xlog/extensions/date/handlers.go:17.16,19.3 1 0
github.com/emad-elsaid/xlog/extensions/date/handlers.go:21.2,21.50 1 0
github.com/emad-elsaid/xlog/extensions/date/handlers.go:21.50,24.30 3 0
github.com/emad-elsaid/xlog/extensions/date/handlers.go:24.30,25.26 1 0
github.com/emad-elsaid/xlog/extensions/date/handlers.go:25.26,27.5 1 0
github.com/emad-elsaid/xlog/extensions/date/handlers.go:30.3,30.13 1 0
github.com/emad-elsaid/xlog/extensions/date/handlers.go:33.2,36.4 1 0
github.com/emad-elsaid/xlog/extensions/date/handlers.go:39.40,42.37 2 0
github.com/emad-elsaid/xlog/extensions/date/handlers.go:42.37,44.17 2 0
github.com/emad-elsaid/xlog/extensions/date/handlers.go:44.17,46.4 1 0
github.com/emad-elsaid/xlog/extensions/date/handlers.go:48.3,48.50 1 0
github.com/emad-elsaid/xlog/extensions/date/handlers.go:48.50,50.4 1 0
github.com/emad-elsaid/xlog/extensions/date/handlers.go:53.2,55.43 2 0
github.com/emad-elsaid/xlog/extensions/date/handlers.go:55.43,57.3 1 0
github.com/emad-elsaid/xlog/extensions/date/handlers.go:59.2,62.4 1 0
github.com/emad-elsaid/xlog/extensions/date/handlers.go:85.44,88.26 2 0
github.com/emad-elsaid/xlog/extensions/date/handlers.go:88.26,90.27 2 0
github.com/emad-elsaid/xlog/extensions/date/handlers.go:90.27,92.4 1 0
github.com/emad-elsaid/xlog/extensions/date/handlers.go:93.3,93.57 1 0
github.com/emad-elsaid/xlog/extensions/date/handlers.go:96.2,97.36 2 0
github.com/emad-elsaid/xlog/extensions/date/handlers.go:97.36,101.36 3 0
github.com/emad-elsaid/xlog/extensions/date/handlers.go:101.36,109.24 6 0
github.com/emad-elsaid/xlog/extensions/date/handlers.go:109.24,110.28 1 0
github.com/emad-elsaid/xlog/extensions/date/handlers.go:110.28,112.6 1 0
github.com/emad-elsaid/xlog/extensions/date/handlers.go:115.4,116.35 2 0
github.com/emad-elsaid/xlog/extensions/date/handlers.go:116.35,117.36 1 0
github.com/emad-elsaid/xlog/extensions/date/handlers.go:117.36,118.11 1 0
github.com/emad-elsaid/xlog/extensions/date/handlers.go:120.5,122.40 3 0
github.com/emad-elsaid/xlog/extensions/date/handlers.go:122.40,124.6 1 0
github.com/emad-elsaid/xlog/extensions/date/handlers.go:125.5,125.29 1 0
github.com/emad-elsaid/xlog/extensions/date/handlers.go:125.29,126.42 1 0
github.com/emad-elsaid/xlog/extensions/date/handlers.go:126.42,128.7 1 0
github.com/emad-elsaid/xlog/extensions/date/handlers.go:130.5,130.45 1 0
github.com/emad-elsaid/xlog/extensions/date/handlers.go:133.4,134.56 2 0
github.com/emad-elsaid/xlog/extensions/date/handlers.go:137.3,137.34 1 0
github.com/emad-elsaid/xlog/extensions/date/handlers.go:140.2,140.14 1 0
github.com/emad-elsaid/xlog/extensions/date/links.go:9.38,13.2 1 0
github.com/emad-elsaid/xlog/extensions/date/links.go:17.31,17.71 1 0
github.com/emad-elsaid/xlog/extensions/date/links.go:18.31,18.52 1 0
github.com/emad-elsaid/xlog/extensions/date/links.go:19.51,23.2 1 0
github.com/emad-elsaid/xlog/extensions/date/node.go:17.51,22.2 2 0
github.com/emad-elsaid/xlog/extensions/date/node.go:24.40,26.2 1 0
github.com/emad-elsaid/xlog/extensions/date/parser.go:14.39,16.2 1 0
github.com/emad-elsaid/xlog/extensions/date/parser.go:48.93,50.16 2 0
github.com/emad-elsaid/xlog/extensions/date/parser.go:50.16,52.3 1 0
github.com/emad-elsaid/xlog/extensions/date/parser.go:54.2,56.17 2 0
github.com/emad-elsaid/xlog/extensions/date/parser.go:56.17,59.3 2 0
github.com/emad-elsaid/xlog/extensions/date/parser.go:61.2,63.22 3 0
github.com/emad-elsaid/xlog/extensions/date/parser.go:63.22,66.14 1 0
github.com/emad-elsaid/xlog/extensions/date/parser.go:66.14,68.9 2 0
github.com/emad-elsaid/xlog/extensions/date/parser.go:72.3,72.65 1 0
github.com/emad-elsaid/xlog/extensions/date/parser.go:72.65,74.4 1 0
github.com/emad-elsaid/xlog/extensions/date/parser.go:76.3,76.21 1 0
github.com/emad-elsaid/xlog/extensions/date/parser.go:76.21,78.9 2 0
github.com/emad-elsaid/xlog/extensions/date/parser.go:82.2,85.39 3 0
github.com/emad-elsaid/xlog/extensions/date/parser.go:85.39,87.17 2 0
github.com/emad-elsaid/xlog/extensions/date/parser.go:87.17,92.4 2 0
github.com/emad-elsaid/xlog/extensions/date/parser.go:95.2,95.12 1 0
github.com/emad-elsaid/xlog/extensions/date/renderer.go:14.79,16.2 1 0
github.com/emad-elsaid/xlog/extensions/date/renderer.go:18.115,19.15 1 0
github.com/emad-elsaid/xlog/extensions/date/renderer.go:19.15,21.3 1 0
github.com/emad-elsaid/xlog/extensions/date/renderer.go:23.2,24.9 2 0
github.com/emad-elsaid/xlog/extensions/date/renderer.go:24.9,26.3 1 0
github.com/emad-elsaid/xlog/extensions/date/renderer.go:28.2,31.194 3 0
github.com/emad-elsaid/xlog/extensions/date/renderer.go:31.194,33.3 1 0
github.com/emad-elsaid/xlog/extensions/date/renderer.go:35.2,35.30 1 0
github.com/emad-elsaid/xlog/extensions/disqus/main.go:32.13,35.2 2 1
github.com/emad-elsaid/xlog/extensions/disqus/main.go:39.29,39.48 1 0
github.com/emad-elsaid/xlog/extensions/disqus/main.go:40.22,42.2 1 0
github.com/emad-elsaid/xlog/extensions/disqus/main.go:44.35,45.18 1 0
github.com/emad-elsaid/xlog/extensions/disqus/main.go:45.18,47.3 1 0
github.com/emad-elsaid/xlog/extensions/disqus/main.go:49.2,50.30 2 0
github.com/emad-elsaid/xlog/extensions/editor/extension.go:19.13,24.2 3 1
github.com/emad-elsaid/xlog/extensions/editor/extension.go:28.29,28.48 1 0
github.com/emad-elsaid/xlog/extensions/editor/extension.go:29.22,30.26 1 0
github.com/emad-elsaid/xlog/extensions/editor/extension.go:30.26,32.3 1 0
github.com/emad-elsaid/xlog/extensions/editor/extension.go:34.2,36.41 3 0
github.com/emad-elsaid/xlog/extensions/editor/extension.go:39.33,43.2 2 0
github.com/emad-elsaid/xlog/extensions/editor/extension.go:45.33,46.17 1 0
github.com/emad-elsaid/xlog/extensions/editor/extension.go:46.17,48.3 1 0
github.com/emad-elsaid/xlog/extensions/editor/extension.go:52.2,52.64 1 0
github.com/emad-elsaid/xlog/extensions/editor/extension.go:52.64,54.3 1 0
github.com/emad-elsaid/xlog/extensions/editor/extension.go:56.2,57.24 2 0
github.com/emad-elsaid/xlog/extensions/editor/extension.go:57.24,59.3 1 0
github.com/emad-elsaid/xlog/extensions/editor/extension.go:61.2,67.36 6 0
github.com/emad-elsaid/xlog/extensions/editor/extension.go:67.36,69.3 1 0
github.com/emad-elsaid/xlog/extensions/editor/extension.go:72.48,79.2 4 0
github.com/emad-elsaid/xlog/extensions/editor/extension.go:81.40,82.28 1 0
github.com/emad-elsaid/xlog/extensions/editor/extension.go:82.28,84.3 1 0
github.com/emad-elsaid/xlog/extensions/editor/extension.go:86.2,86.44 1 0
github.com/emad-elsaid/xlog/extensions/editor/extension.go:93.33,93.61 1 0
github.com/emad-elsaid/xlog/extensions/editor/extension.go:94.33,94.50 1 0
github.com/emad-elsaid/xlog/extensions/editor/extension.go:95.55,99.2 1 0
github.com/emad-elsaid/xlog/extensions/embed/embed.go:12.13,14.2 1 1
github.com/emad-elsaid/xlog/extensions/embed/embed.go:18.28,18.46 1 0
github.com/emad-elsaid/xlog/extensions/embed/embed.go:19.21,21.2 1 0
github.com/emad-elsaid/xlog/extensions/embed/embed.go:23.53,25.29 2 0
github.com/emad-elsaid/xlog/extensions/embed/embed.go:25.29,27.3 1 0
github.com/emad-elsaid/xlog/extensions/embed/embed.go:29.2,29.19 1 0
github.com/emad-elsaid/xlog/extensions/frontmatter/extension.go:7.13,9.2 1 1
github.com/emad-elsaid/xlog/extensions/frontmatter/extension.go:13.34,13.58 1 0
github.com/emad-elsaid/xlog/extensions/frontmatter/extension.go:14.27,21.2 3 0
github.com/emad-elsaid/xlog/extensions/frontmatter/extension.go:28.37,28.57 1 0
github.com/emad-elsaid/xlog/extensions/frontmatter/extension.go:29.37,29.72 1 0
github.com/emad-elsaid/xlog/extensions/frontmatter/extension.go:30.37,30.53 1 0
github.com/emad-elsaid/xlog/extensions/frontmatter/extension.go:32.50,34.16 2 0
github.com/emad-elsaid/xlog/extensions/frontmatter/extension.go:34.16,36.3 1 0
github.com/emad-elsaid/xlog/extensions/frontmatter/extension.go:38.2,39.24 2 0
github.com/emad-elsaid/xlog/extensions/frontmatter/extension.go:39.24,41.3 1 0
github.com/emad-elsaid/xlog/extensions/frontmatter/extension.go:43.2,44.29 2 0
github.com/emad-elsaid/xlog/extensions/frontmatter/extension.go:44.29,49.3 1 0
github.com/emad-elsaid/xlog/extensions/frontmatter/extension.go:51.2,51.11 1 0
github.com/emad-elsaid/xlog/extensions/frontmatter/meta.go:36.44,38.14 2 0
github.com/emad-elsaid/xlog/extensions/frontmatter/meta.go:38.14,40.3 1 0
github.com/emad-elsaid/xlog/extensions/frontmatter/meta.go:41.2,42.14 2 0
github.com/emad-elsaid/xlog/extensions/frontmatter/meta.go:47.56,49.17 2 0
github.com/emad-elsaid/xlog/extensions/frontmatter/meta.go:49.17,51.3 1 0
github.com/emad-elsaid/xlog/extensions/frontmatter/meta.go:52.2,53.20 2 0
github.com/emad-elsaid/xlog/extensions/frontmatter/meta.go:53.20,55.3 1 0
github.com/emad-elsaid/xlog/extensions/frontmatter/meta.go:56.2,56.19 1 0
github.com/emad-elsaid/xlog/extensions/frontmatter/meta.go:61.48,63.14 2 0
github.com/emad-elsaid/xlog/extensions/frontmatter/meta.go:63.14,65.3 1 0
github.com/emad-elsaid/xlog/extensions/frontmatter/meta.go:66.2,67.16 2 0
github.com/emad-elsaid/xlog/extensions/frontmatter/meta.go:73.60,75.17 2 0
github.com/emad-elsaid/xlog/extensions/frontmatter/meta.go:75.17,77.3 1 0
github.com/emad-elsaid/xlog/extensions/frontmatter/meta.go:78.2,79.20 2 0
github.com/emad-elsaid/xlog/extensions/frontmatter/meta.go:79.20,81.3 1 0
github.com/emad-elsaid/xlog/extensions/frontmatter/meta.go:82.2,82.21 1 0
github.com/emad-elsaid/xlog/extensions/frontmatter/meta.go:91.37,93.2 1 0
github.com/emad-elsaid/xlog/extensions/frontmatter/meta.go:95.36,97.33 2 0
github.com/emad-elsaid/xlog/extensions/frontmatter/meta.go:97.33,98.21 1 0
github.com/emad-elsaid/xlog/extensions/frontmatter/meta.go:98.21,100.4 1 0
github.com/emad-elsaid/xlog/extensions/frontmatter/meta.go:102.2,102.13 1 0
github.com/emad-elsaid/xlog/extensions/frontmatter/meta.go:105.39,107.2 1 0
github.com/emad-elsaid/xlog/extensions/frontmatter/meta.go:109.110,111.18 2 0
github.com/emad-elsaid/xlog/extensions/frontmatter/meta.go:111.18,113.3 1 0
github.com/emad-elsaid/xlog/extensions/frontmatter/meta.go:114.2,115.23 2 0
github.com/emad-elsaid/xlog/extensions/frontmatter/meta.go:115.23,117.3 1 0
github.com/emad-elsaid/xlog/extensions/frontmatter/meta.go:118.2,118.31 1 0
github.com/emad-elsaid/xlog/extensions/frontmatter/meta.go:121.99,123.46 2 0
github.com/emad-elsaid/xlog/extensions/frontmatter/meta.go:123.46,126.3 2 0
github.com/emad-elsaid/xlog/extensions/frontmatter/meta.go:127.2,128.44 2 0
github.com/emad-elsaid/xlog/extensions/frontmatter/meta.go:131.83,134.35 3 0
github.com/emad-elsaid/xlog/extensions/frontmatter/meta.go:134.35,137.3 2 0
github.com/emad-elsaid/xlog/extensions/frontmatter/meta.go:138.2,141.59 4 0
github.com/emad-elsaid/xlog/extensions/frontmatter/meta.go:141.59,143.3 1 0
github.com/emad-elsaid/xlog/extensions/frontmatter/meta.go:143.8,145.3 1 0
github.com/emad-elsaid/xlog/extensions/frontmatter/meta.go:147.2,148.67 2 0
github.com/emad-elsaid/xlog/extensions/frontmatter/meta.go:148.67,150.3 1 0
github.com/emad-elsaid/xlog/extensions/frontmatter/meta.go:150.8,152.3 1 0
github.com/emad-elsaid/xlog/extensions/frontmatter/meta.go:154.2,156.20 2 0
github.com/emad-elsaid/xlog/extensions/frontmatter/meta.go:156.20,158.3 1 0
github.com/emad-elsaid/xlog/extensions/frontmatter/meta.go:161.51,163.2 1 0
github.com/emad-elsaid/xlog/extensions/frontmatter/meta.go:165.51,167.2 1 0
github.com/emad-elsaid/xlog/extensions/frontmatter/meta.go:194.35,194.36 0 0
github.com/emad-elsaid/xlog/extensions/frontmatter/meta.go:196.57,198.2 1 0
github.com/emad-elsaid/xlog/extensions/frontmatter/meta.go:201.25,205.2 1 0
github.com/emad-elsaid/xlog/extensions/frontmatter/meta.go:213.46,213.47 0 0
github.com/emad-elsaid/xlog/extensions/frontmatter/meta.go:215.68,217.2 1 0
github.com/emad-elsaid/xlog/extensions/frontmatter/meta.go:220.36,224.2 1 0
github.com/emad-elsaid/xlog/extensions/frontmatter/meta.go:226.70,233.25 2 0
github.com/emad-elsaid/xlog/extensions/frontmatter/meta.go:233.25,235.3 1 0
github.com/emad-elsaid/xlog/extensions/frontmatter/meta.go:236.2,236.10 1 0
github.com/emad-elsaid/xlog/extensions/frontmatter/meta.go:239.96,241.17 2 0
github.com/emad-elsaid/xlog/extensions/frontmatter/meta.go:241.17,243.3 1 0
github.com/emad-elsaid/xlog/extensions/frontmatter/meta.go:244.2,245.20 2 0
github.com/emad-elsaid/xlog/extensions/frontmatter/meta.go:245.20,250.3 4 0
github.com/emad-elsaid/xlog/extensions/frontmatter/meta.go:252.2,252.13 1 0
github.com/emad-elsaid/xlog/extensions/frontmatter/meta.go:252.13,254.18 2 0
github.com/emad-elsaid/xlog/extensions/frontmatter/meta.go:254.18,256.4 1 0
github.com/emad-elsaid/xlog/extensions/frontmatter/meta.go:257.3,259.18 3 0
github.com/emad-elsaid/xlog/extensions/frontmatter/meta.go:259.18,261.4 1 0
github.com/emad-elsaid/xlog/extensions/frontmatter/meta.go:262.3,263.29 2 0
github.com/emad-elsaid/xlog/extensions/frontmatter/meta.go:263.29,267.4 3 0
github.com/emad-elsaid/xlog/extensions/frontmatter/meta.go:268.3,271.29 3 0
github.com/emad-elsaid/xlog/extensions/frontmatter/meta.go:271.29,275.4 3 0
github.com/emad-elsaid/xlog/extensions/frontmatter/meta.go:276.3,277.52 2 0
github.com/emad-elsaid/xlog/extensions/frontmatter/meta.go:280.2,280.24 1 0
github.com/emad-elsaid/xlog/extensions/frontmatter/meta.go:280.24,281.27 1 0
github.com/emad-elsaid/xlog/extensions/frontmatter/meta.go:281.27,283.4 1 0
github.com/emad-elsaid/xlog/extensions/frontmatter/meta.go:295.44,300.2 2 0
github.com/emad-elsaid/xlog/extensions/frontmatter/meta.go:303.44,305.32 2 0
github.com/emad-elsaid/xlog/extensions/frontmatter/meta.go:305.32,306.46 1 0
github.com/emad-elsaid/xlog/extensions/frontmatter/meta.go:306.46,308.4 1 0
github.com/emad-elsaid/xlog/extensions/frontmatter/meta.go:310.2,319.3 2 0
github.com/emad-elsaid/xlog/extensions/hashtags/hashtags.go:27.13,33.2 2 1
github.com/emad-elsaid/xlog/extensions/hashtags/hashtags.go:40.32,40.53 1 0
github.com/emad-elsaid/xlog/extensions/hashtags/hashtags.go:41.27,60.2 12 0
github.com/emad-elsaid/xlog/extensions/hashtags/hashtags.go:62.46,66.2 2 0
github.com/emad-elsaid/xlog/extensions/hashtags/hashtags.go:68.46,70.2 1 0
github.com/emad-elsaid/xlog/extensions/hashtags/hashtags.go:72.51,76.32 3 0
github.com/emad-elsaid/xlog/extensions/hashtags/hashtags.go:76.32,78.3 1 0
github.com/emad-elsaid/xlog/extensions/hashtags/hashtags.go:80.2,84.13 4 0
github.com/emad-elsaid/xlog/extensions/hashtags/hashtags.go:87.50,91.37 3 0
github.com/emad-elsaid/xlog/extensions/hashtags/hashtags.go:91.37,95.28 4 0
github.com/emad-elsaid/xlog/extensions/hashtags/hashtags.go:95.28,99.29 2 0
github.com/emad-elsaid/xlog/extensions/hashtags/hashtags.go:99.29,100.13 1 0
github.com/emad-elsaid/xlog/extensions/hashtags/hashtags.go:103.4,106.31 3 0
github.com/emad-elsaid/xlog/extensions/hashtags/hashtags.go:106.31,108.5 1 0
github.com/emad-elsaid/xlog/extensions/hashtags/hashtags.go:108.10,110.5 1 0
github.com/emad-elsaid/xlog/extensions/hashtags/hashtags.go:111.4,111.16 1 0
github.com/emad-elsaid/xlog/extensions/hashtags/hashtags.go:115.2,118.4 1 0
github.com/emad-elsaid/xlog/extensions/hashtags/hashtags.go:121.49,128.2 2 0
github.com/emad-elsaid/xlog/extensions/hashtags/hashtags.go:130.73,133.40 2 0
github.com/emad-elsaid/xlog/extensions/hashtags/hashtags.go:133.40,134.31 1 0
github.com/emad-elsaid/xlog/extensions/hashtags/hashtags.go:134.31,136.4 1 0
github.com/emad-elsaid/xlog/extensions/hashtags/hashtags.go:138.3,139.26 2 0
github.com/emad-elsaid/xlog/extensions/hashtags/hashtags.go:139.26,140.30 1 0
github.com/emad-elsaid/xlog/extensions/hashtags/hashtags.go:140.30,142.5 1 0
github.com/emad-elsaid/xlog/extensions/hashtags/hashtags.go:145.3,145.13 1 0
github.com/emad-elsaid/xlog/extensions/hashtags/hashtags.go:149.55,150.30 1 0
github.com/emad-elsaid/xlog/extensions/hashtags/hashtags.go:150.30,152.3 1 0
github.com/emad-elsaid/xlog/extensions/hashtags/hashtags.go:154.2,157.35 4 0
github.com/emad-elsaid/xlog/extensions/hashtags/hashtags.go:157.35,159.3 1 0
github.com/emad-elsaid/xlog/extensions/hashtags/hashtags.go:161.2,161.60 1 0
github.com/emad-elsaid/xlog/extensions/hashtags/hashtags.go:161.60,162.28 1 0
github.com/emad-elsaid/xlog/extensions/hashtags/hashtags.go:162.28,164.4 1 0
github.com/emad-elsaid/xlog/extensions/hashtags/hashtags.go:166.3,168.35 3 0
github.com/emad-elsaid/xlog/extensions/hashtags/hashtags.go:168.35,169.39 1 0
github.com/emad-elsaid/xlog/extensions/hashtags/hashtags.go:169.39,171.5 1 0
github.com/emad-elsaid/xlog/extensions/hashtags/hashtags.go:174.3,174.13 1 0
github.com/emad-elsaid/xlog/extensions/hashtags/hashtags.go:177.2,179.4 1 0
github.com/emad-elsaid/xlog/extensions/hashtags/hashtags.go:182.65,186.45 3 0
github.com/emad-elsaid/xlog/extensions/hashtags/hashtags.go:186.45,187.64 1 0
github.com/emad-elsaid/xlog/extensions/hashtags/hashtags.go:187.64,189.4 1 0
github.com/emad-elsaid/xlog/extensions/hashtags/hashtags.go:191.3,191.45 1 0
github.com/emad-elsaid/xlog/extensions/hashtags/hashtags.go:194.2,195.30 2 0
github.com/emad-elsaid/xlog/extensions/hashtags/hashtags.go:198.69,202.45 3 0
github.com/emad-elsaid/xlog/extensions/hashtags/hashtags.go:202.45,203.64 1 0
github.com/emad-elsaid/xlog/extensions/hashtags/hashtags.go:203.64,205.4 1 0
github.com/emad-elsaid/xlog/extensions/hashtags/hashtags.go:207.3,207.45 1 0
github.com/emad-elsaid/xlog/extensions/hashtags/hashtags.go:210.2,211.30 2 0
github.com/emad-elsaid/xlog/extensions/hashtags/hashtags.go:214.28,216.2 1 0
github.com/emad-elsaid/xlog/extensions/hashtags/hashtags.go:220.29,220.58 1 0
github.com/emad-elsaid/xlog/extensions/hashtags/hashtags.go:221.29,221.50 1 0
github.com/emad-elsaid/xlog/extensions/hashtags/hashtags.go:222.49,226.2 1 0
github.com/emad-elsaid/xlog/extensions/hashtags/hashtags.go:234.74,236.2 1 0
github.com/emad-elsaid/xlog/extensions/hashtags/hashtags.go:238.36,240.2 1 0
github.com/emad-elsaid/xlog/extensions/hashtags/hashtags.go:242.89,244.16 2 0
github.com/emad-elsaid/xlog/extensions/hashtags/hashtags.go:244.16,246.3 1 0
github.com/emad-elsaid/xlog/extensions/hashtags/hashtags.go:248.2,251.26 3 0
github.com/emad-elsaid/xlog/extensions/hashtags/hashtags.go:251.26,252.14 1 0
github.com/emad-elsaid/xlog/extensions/hashtags/hashtags.go:252.14,254.12 2 0
github.com/emad-elsaid/xlog/extensions/hashtags/hashtags.go:257.3,257.103 1 0
github.com/emad-elsaid/xlog/extensions/hashtags/hashtags.go:257.103,258.9 1 0
github.com/emad-elsaid/xlog/extensions/hashtags/hashtags.go:261.3,261.23 1 0
github.com/emad-elsaid/xlog/extensions/hashtags/hashtags.go:263.2,263.29 1 0
github.com/emad-elsaid/xlog/extensions/hashtags/hashtags.go:263.29,265.3 1 0
github.com/emad-elsaid/xlog/extensions/hashtags/hashtags.go:266.2,271.3 3 0
github.com/emad-elsaid/xlog/extensions/hashtags/hashtags.go:274.50,279.2 2 0
github.com/emad-elsaid/xlog/extensions/hashtags/hashtags.go:283.39,285.2 1 0
github.com/emad-elsaid/xlog/extensions/hashtags/hashtags.go:287.109,288.42 1 0
github.com/emad-elsaid/xlog/extensions/hashtags/hashtags.go:288.42,290.3 1 0
github.com/emad-elsaid/xlog/extensions/hashtags/hashtags.go:292.2,293.181 2 0
github.com/emad-elsaid/xlog/extensions/hashtags/hashtags.go:293.181,295.3 1 0
github.com/emad-elsaid/xlog/extensions/hashtags/hashtags.go:296.2,298.30 3 0
github.com/emad-elsaid/xlog/extensions/file_operations/delete.go:15.33,15.63 1 0
github.com/emad-elsaid/xlog/extensions/file_operations/delete.go:16.33,16.52 1 0
github.com/emad-elsaid/xlog/extensions/file_operations/delete.go:17.55,23.2 1 0
github.com/emad-elsaid/xlog/extensions/file_operations/delete.go:25.47,28.35 3 0
github.com/emad-elsaid/xlog/extensions/file_operations/delete.go:28.35,30.3 1 0
github.com/emad-elsaid/xlog/extensions/file_operations/delete.go:30.8,32.3 1 0
github.com/emad-elsaid/xlog/extensions/file_operations/delete.go:34.2,34.37 1 0
github.com/emad-elsaid/xlog/extensions/file_operations/delete.go:34.37,36.3 1 0
github.com/emad-elsaid/xlog/extensions/file_operations/file_operations.go:14.13,16.2 1 0
github.com/emad-elsaid/xlog/extensions/file_operations/file_operations.go:20.30,20.58 1 0
github.com/emad-elsaid/xlog/extensions/file_operations/file_operations.go:21.23,22.21 1 0
github.com/emad-elsaid/xlog/extensions/file_operations/file_operations.go:22.21,24.3 1 0
github.com/emad-elsaid/xlog/extensions/file_operations/file_operations.go:26.2,32.48 7 0
github.com/emad-elsaid/xlog/extensions/file_operations/file_operations.go:35.33,36.28 1 0
github.com/emad-elsaid/xlog/extensions/file_operations/file_operations.go:36.28,38.3 1 0
github.com/emad-elsaid/xlog/extensions/file_operations/file_operations.go:40.2,40.48 1 0
github.com/emad-elsaid/xlog/extensions/file_operations/rename.go:17.33,17.66 1 0
github.com/emad-elsaid/xlog/extensions/file_operations/rename.go:18.33,18.52 1 0
github.com/emad-elsaid/xlog/extensions/file_operations/rename.go:19.55,26.2 1 0
github.com/emad-elsaid/xlog/extensions/file_operations/rename.go:28.44,35.2 3 0
github.com/emad-elsaid/xlog/extensions/file_operations/rename.go:37.47,39.33 2 0
github.com/emad-elsaid/xlog/extensions/file_operations/rename.go:39.33,41.3 1 0
github.com/emad-elsaid/xlog/extensions/file_operations/rename.go:43.2,47.59 4 0
github.com/emad-elsaid/xlog/extensions/file_operations/rename.go:47.59,49.3 1 0
github.com/emad-elsaid/xlog/extensions/file_operations/rename.go:50.2,52.37 2 0
github.com/emad-elsaid/xlog/extensions/file_operations/rename.go:52.37,54.3 1 0
github.com/emad-elsaid/xlog/extensions/heading/renderer.go:13.13,15.2 1 1
github.com/emad-elsaid/xlog/extensions/heading/renderer.go:19.30,19.50 1 0
github.com/emad-elsaid/xlog/extensions/heading/renderer.go:20.23,24.2 1 0
github.com/emad-elsaid/xlog/extensions/heading/renderer.go:28.82,30.2 1 0
github.com/emad-elsaid/xlog/extensions/heading/renderer.go:32.121,34.14 2 0
github.com/emad-elsaid/xlog/extensions/heading/renderer.go:34.14,37.28 3 0
github.com/emad-elsaid/xlog/extensions/heading/renderer.go:37.28,39.4 1 0
github.com/emad-elsaid/xlog/extensions/heading/renderer.go:40.3,40.23 1 0
github.com/emad-elsaid/xlog/extensions/heading/renderer.go:41.8,43.47 1 0
github.com/emad-elsaid/xlog/extensions/heading/renderer.go:43.47,44.138 1 0
github.com/emad-elsaid/xlog/extensions/heading/renderer.go:44.138,46.5 1 0
github.com/emad-elsaid/xlog/extensions/heading/renderer.go:49.3,51.30 3 0
github.com/emad-elsaid/xlog/extensions/heading/renderer.go:53.2,53.30 1 0
github.com/emad-elsaid/xlog/extensions/github/api.go:21.13,23.2 1 0
github.com/emad-elsaid/xlog/extensions/github/api.go:25.59,27.2 1 0
github.com/emad-elsaid/xlog/extensions/github/api.go:29.30,30.49 1 0
github.com/emad-elsaid/xlog/extensions/github/api.go:30.49,32.21 2 0
github.com/emad-elsaid/xlog/extensions/github/api.go:32.21,34.4 1 0
github.com/emad-elsaid/xlog/extensions/github/api.go:37.2,37.30 1 0
github.com/emad-elsaid/xlog/extensions/github/api.go:40.39,42.16 2 0
github.com/emad-elsaid/xlog/extensions/github/api.go:42.16,44.3 1 0
github.com/emad-elsaid/xlog/extensions/github/api.go:46.2,52.34 4 0
github.com/emad-elsaid/xlog/extensions/github/api.go:55.55,57.16 2 0
github.com/emad-elsaid/xlog/extensions/github/api.go:57.16,59.3 1 0
github.com/emad-elsaid/xlog/extensions/github/api.go:61.2,66.16 2 0
github.com/emad-elsaid/xlog/extensions/github/api.go:66.16,68.3 1 0
github.com/emad-elsaid/xlog/extensions/github/api.go:70.2,70.29 1 0
github.com/emad-elsaid/xlog/extensions/github/api.go:70.29,72.3 1 0
github.com/emad-elsaid/xlog/extensions/github/api.go:74.2,75.34 2 0
github.com/emad-elsaid/xlog/extensions/github/api.go:75.34,86.3 2 0
github.com/emad-elsaid/xlog/extensions/github/api.go:87.2,89.15 2 0
github.com/emad-elsaid/xlog/extensions/github/main.go:13.13,16.2 2 0
github.com/emad-elsaid/xlog/extensions/github/main.go:20.29,20.48 1 0
github.com/emad-elsaid/xlog/extensions/github/main.go:21.22,22.23 1 0
github.com/emad-elsaid/xlog/extensions/github/main.go:22.23,24.3 1 0
github.com/emad-elsaid/xlog/extensions/github/main.go:26.2,26.37 1 0
github.com/emad-elsaid/xlog/extensions/github/main.go:29.38,30.28 1 0
github.com/emad-elsaid/xlog/extensions/github/main.go:30.28,32.3 1 0
github.com/emad-elsaid/xlog/extensions/github/main.go:34.2,34.41 1 0
github.com/emad-elsaid/xlog/extensions/github/main.go:41.37,41.69 1 0
github.com/emad-elsaid/xlog/extensions/github/main.go:42.37,42.64 1 0
github.com/emad-elsaid/xlog/extensions/github/main.go:43.57,47.2 1 0
github.com/emad-elsaid/xlog/extensions/html/html.go:23.13,26.2 2 1
github.com/emad-elsaid/xlog/extensions/html/html.go:30.27,30.44 1 0
github.com/emad-elsaid/xlog/extensions/html/html.go:31.20,32.18 1 0
github.com/emad-elsaid/xlog/extensions/html/html.go:32.18,34.3 1 0
github.com/emad-elsaid/xlog/extensions/html/html.go:39.50,40.36 1 0
github.com/emad-elsaid/xlog/extensions/html/html.go:40.36,45.18 2 0
github.com/emad-elsaid/xlog/extensions/html/html.go:45.18,47.4 1 0
github.com/emad-elsaid/xlog/extensions/html/html.go:50.2,50.12 1 0
github.com/emad-elsaid/xlog/extensions/html/html.go:53.67,54.84 1 0
github.com/emad-elsaid/xlog/extensions/html/html.go:54.84,55.10 1 0
github.com/emad-elsaid/xlog/extensions/html/html.go:57.21,58.40 1 0
github.com/emad-elsaid/xlog/extensions/html/html.go:60.11,64.48 3 0
github.com/emad-elsaid/xlog/extensions/html/html.go:64.48,65.29 1 0
github.com/emad-elsaid/xlog/extensions/html/html.go:65.29,70.11 2 0
github.com/emad-elsaid/xlog/extensions/html/html.go:76.3,76.13 1 0
github.com/emad-elsaid/xlog/extensions/html/html.go:77.17,79.3 1 0
github.com/emad-elsaid/xlog/extensions/html/html.go:87.30,89.2 1 0
github.com/emad-elsaid/xlog/extensions/html/html.go:91.34,93.2 1 0
github.com/emad-elsaid/xlog/extensions/html/html.go:95.30,98.2 2 0
github.com/emad-elsaid/xlog/extensions/html/html.go:100.39,102.2 1 0
github.com/emad-elsaid/xlog/extensions/html/html.go:104.40,106.16 2 0
github.com/emad-elsaid/xlog/extensions/html/html.go:106.16,108.3 1 0
github.com/emad-elsaid/xlog/extensions/html/html.go:109.2,109.27 1 0
github.com/emad-elsaid/xlog/extensions/html/html.go:112.36,114.16 2 0
github.com/emad-elsaid/xlog/extensions/html/html.go:114.16,116.3 1 0
github.com/emad-elsaid/xlog/extensions/html/html.go:118.2,118.20 1 0
github.com/emad-elsaid/xlog/extensions/html/html.go:121.30,124.16 2 0
github.com/emad-elsaid/xlog/extensions/html/html.go:124.16,126.17 2 0
github.com/emad-elsaid/xlog/extensions/html/html.go:126.17,129.4 2 0
github.com/emad-elsaid/xlog/extensions/html/html.go:131.2,131.13 1 0
github.com/emad-elsaid/xlog/extensions/html/html.go:134.50,138.62 3 0
github.com/emad-elsaid/xlog/extensions/html/html.go:138.62,141.3 2 0
github.com/emad-elsaid/xlog/extensions/html/html.go:143.2,144.66 2 0
github.com/emad-elsaid/xlog/extensions/html/html.go:144.66,147.3 2 0
github.com/emad-elsaid/xlog/extensions/html/html.go:148.2,148.13 1 0
github.com/emad-elsaid/xlog/extensions/html/html.go:151.41,151.79 1 0
github.com/emad-elsaid/xlog/extensions/images/columnize.go:11.103,14.79 2 0
github.com/emad-elsaid/xlog/extensions/images/columnize.go:14.79,15.16 1 0
github.com/emad-elsaid/xlog/extensions/images/columnize.go:15.16,17.4 1 0
github.com/emad-elsaid/xlog/extensions/images/columnize.go:19.3,19.61 1 0
github.com/emad-elsaid/xlog/extensions/images/columnize.go:19.61,21.11 2 0
github.com/emad-elsaid/xlog/extensions/images/columnize.go:21.11,22.13 1 0
github.com/emad-elsaid/xlog/extensions/images/columnize.go:25.4,25.29 1 0
github.com/emad-elsaid/xlog/extensions/images/columnize.go:25.29,27.5 1 0
github.com/emad-elsaid/xlog/extensions/images/columnize.go:30.3,30.31 1 0
github.com/emad-elsaid/xlog/extensions/images/columnize.go:33.2,33.31 1 0
github.com/emad-elsaid/xlog/extensions/images/columnize.go:33.31,36.3 2 0
github.com/emad-elsaid/xlog/extensions/images/columnize.go:39.48,40.24 1 0
github.com/emad-elsaid/xlog/extensions/images/columnize.go:40.24,42.3 1 0
github.com/emad-elsaid/xlog/extensions/images/columnize.go:44.2,44.57 1 0
github.com/emad-elsaid/xlog/extensions/images/columnize.go:44.57,45.60 1 0
github.com/emad-elsaid/xlog/extensions/images/columnize.go:45.60,47.4 1 0
github.com/emad-elsaid/xlog/extensions/images/columnize.go:47.9,47.62 1 0
github.com/emad-elsaid/xlog/extensions/images/columnize.go:47.62,49.4 1 0
github.com/emad-elsaid/xlog/extensions/images/columnize.go:52.2,52.13 1 0
github.com/emad-elsaid/xlog/extensions/images/columnize.go:55.37,58.57 2 0
github.com/emad-elsaid/xlog/extensions/images/columnize.go:58.57,59.33 1 0
github.com/emad-elsaid/xlog/extensions/images/columnize.go:59.33,61.4 1 0
github.com/emad-elsaid/xlog/extensions/images/columnize.go:64.2,64.27 1 0
github.com/emad-elsaid/xlog/extensions/images/columnize.go:64.27,66.3 1 0
github.com/emad-elsaid/xlog/extensions/images/columnize.go:69.43,72.2 2 0
github.com/emad-elsaid/xlog/extensions/images/extension.go:10.13,12.2 1 1
github.com/emad-elsaid/xlog/extensions/images/extension.go:16.29,16.48 1 0
github.com/emad-elsaid/xlog/extensions/images/extension.go:17.22,26.2 2 0
github.com/emad-elsaid/xlog/extensions/images/node.go:11.45,11.67 1 0
github.com/emad-elsaid/xlog/extensions/images/renderer.go:12.88,14.2 1 0
github.com/emad-elsaid/xlog/extensions/images/renderer.go:16.124,17.14 1 0
github.com/emad-elsaid/xlog/extensions/images/renderer.go:17.14,20.58 2 0
github.com/emad-elsaid/xlog/extensions/images/renderer.go:20.58,24.4 3 0
github.com/emad-elsaid/xlog/extensions/images/renderer.go:26.8,28.3 1 0
github.com/emad-elsaid/xlog/extensions/images/renderer.go:30.2,30.34 1 0
github.com/emad-elsaid/xlog/extensions/gpg/commands.go:13.43,14.17 1 0
github.com/emad-elsaid/xlog/extensions/gpg/commands.go:14.17,16.3 1 0
github.com/emad-elsaid/xlog/extensions/gpg/commands.go:18.2,18.21 1 0
github.com/emad-elsaid/xlog/extensions/gpg/commands.go:18.21,20.3 1 0
github.com/emad-elsaid/xlog/extensions/gpg/commands.go:22.2,22.46 1 0
github.com/emad-elsaid/xlog/extensions/gpg/commands.go:22.46,26.3 1 0
github.com/emad-elsaid/xlog/extensions/gpg/commands.go:26.8,30.3 1 0
github.com/emad-elsaid/xlog/extensions/gpg/commands.go:37.40,37.69 1 0
github.com/emad-elsaid/xlog/extensions/gpg/commands.go:38.40,38.65 1 0
github.com/emad-elsaid/xlog/extensions/gpg/commands.go:39.60,43.2 1 0
github.com/emad-elsaid/xlog/extensions/gpg/commands.go:49.40,49.90 1 0
github.com/emad-elsaid/xlog/extensions/gpg/commands.go:50.40,50.64 1 0
github.com/emad-elsaid/xlog/extensions/gpg/commands.go:51.60,55.2 1 0
github.com/emad-elsaid/xlog/extensions/gpg/gpg.go:13.13,16.2 2 0
github.com/emad-elsaid/xlog/extensions/gpg/gpg.go:20.26,20.42 1 0
github.com/emad-elsaid/xlog/extensions/gpg/gpg.go:21.19,24.27 2 0
github.com/emad-elsaid/xlog/extensions/gpg/gpg.go:24.27,29.3 4 0
github.com/emad-elsaid/xlog/extensions/gpg/handlers.go:15.49,17.29 2 0
github.com/emad-elsaid/xlog/extensions/gpg/handlers.go:17.29,19.3 1 0
github.com/emad-elsaid/xlog/extensions/gpg/handlers.go:21.2,22.39 2 0
github.com/emad-elsaid/xlog/extensions/gpg/handlers.go:22.39,24.3 1 0
github.com/emad-elsaid/xlog/extensions/gpg/handlers.go:26.2,26.17 1 0
github.com/emad-elsaid/xlog/extensions/gpg/handlers.go:26.17,28.3 1 0
github.com/emad-elsaid/xlog/extensions/gpg/handlers.go:30.2,30.47 1 0
github.com/emad-elsaid/xlog/extensions/gpg/handlers.go:30.47,33.3 2 0
github.com/emad-elsaid/xlog/extensions/gpg/handlers.go:36.49,38.29 2 0
github.com/emad-elsaid/xlog/extensions/gpg/handlers.go:38.29,40.3 1 0
github.com/emad-elsaid/xlog/extensions/gpg/handlers.go:42.2,43.17 2 0
github.com/emad-elsaid/xlog/extensions/gpg/handlers.go:43.17,45.3 1 0
github.com/emad-elsaid/xlog/extensions/gpg/handlers.go:47.2,48.59 2 0
github.com/emad-elsaid/xlog/extensions/gpg/handlers.go:48.59,50.3 1 0
github.com/emad-elsaid/xlog/extensions/gpg/handlers.go:52.2,52.47 1 0
github.com/emad-elsaid/xlog/extensions/gpg/handlers.go:52.47,55.3 2 0
github.com/emad-elsaid/xlog/extensions/gpg/page.go:23.34,23.51 1 0
github.com/emad-elsaid/xlog/extensions/gpg/page.go:24.34,24.77 1 0
github.com/emad-elsaid/xlog/extensions/gpg/page.go:26.30,29.2 2 0
github.com/emad-elsaid/xlog/extensions/gpg/page.go:31.39,35.80 4 0
github.com/emad-elsaid/xlog/extensions/gpg/page.go:35.80,37.3 1 0
github.com/emad-elsaid/xlog/extensions/gpg/page.go:39.2,39.36 1 0
github.com/emad-elsaid/xlog/extensions/gpg/page.go:42.40,45.16 3 0
github.com/emad-elsaid/xlog/extensions/gpg/page.go:45.16,47.3 1 0
github.com/emad-elsaid/xlog/extensions/gpg/page.go:49.2,49.27 1 0
github.com/emad-elsaid/xlog/extensions/gpg/page.go:52.36,54.16 2 0
github.com/emad-elsaid/xlog/extensions/gpg/page.go:54.16,56.3 1 0
github.com/emad-elsaid/xlog/extensions/gpg/page.go:58.2,58.20 1 0
github.com/emad-elsaid/xlog/extensions/gpg/page.go:61.30,64.16 2 0
github.com/emad-elsaid/xlog/extensions/gpg/page.go:64.16,66.17 2 0
github.com/emad-elsaid/xlog/extensions/gpg/page.go:66.17,69.4 2 0
github.com/emad-elsaid/xlog/extensions/gpg/page.go:71.2,71.13 1 0
github.com/emad-elsaid/xlog/extensions/gpg/page.go:74.50,78.62 3 0
github.com/emad-elsaid/xlog/extensions/gpg/page.go:78.62,81.3 2 0
github.com/emad-elsaid/xlog/extensions/gpg/page.go:83.2,88.16 5 0
github.com/emad-elsaid/xlog/extensions/gpg/page.go:88.16,91.3 2 0
github.com/emad-elsaid/xlog/extensions/gpg/page.go:93.2,93.13 1 0
github.com/emad-elsaid/xlog/extensions/gpg/page.go:96.41,98.18 2 0
github.com/emad-elsaid/xlog/extensions/gpg/page.go:98.18,100.3 1 0
github.com/emad-elsaid/xlog/extensions/gpg/page.go:102.2,102.27 1 0
github.com/emad-elsaid/xlog/extensions/gpg/page_source.go:15.54,16.21 1 0
github.com/emad-elsaid/xlog/extensions/gpg/page_source.go:16.21,18.3 1 0
github.com/emad-elsaid/xlog/extensions/gpg/page_source.go:20.2,23.17 2 0
github.com/emad-elsaid/xlog/extensions/gpg/page_source.go:23.17,25.3 1 0
github.com/emad-elsaid/xlog/extensions/gpg/page_source.go:27.2,27.12 1 0
github.com/emad-elsaid/xlog/extensions/gpg/page_source.go:30.71,31.21 1 0
github.com/emad-elsaid/xlog/extensions/gpg/page_source.go:31.21,33.3 1 0
github.com/emad-elsaid/xlog/extensions/gpg/page_source.go:35.2,35.78 1 0
github.com/emad-elsaid/xlog/extensions/gpg/page_source.go:35.78,36.10 1 0
github.com/emad-elsaid/xlog/extensions/gpg/page_source.go:38.21,39.40 1 0
github.com/emad-elsaid/xlog/extensions/gpg/page_source.go:41.11,48.18 6 0
github.com/emad-elsaid/xlog/extensions/gpg/page_source.go:48.18,52.10 2 0
github.com/emad-elsaid/xlog/extensions/gpg/page_source.go:57.3,57.13 1 0
github.com/emad-elsaid/xlog/extensions/manifest/manifest.go:13.13,15.2 1 1
github.com/emad-elsaid/xlog/extensions/manifest/manifest.go:19.31,19.52 1 0
github.com/emad-elsaid/xlog/extensions/manifest/manifest.go:20.24,25.2 4 0
github.com/emad-elsaid/xlog/extensions/manifest/manifest.go:27.33,29.2 1 0
github.com/emad-elsaid/xlog/extensions/manifest/manifest.go:31.31,33.2 1 0
github.com/emad-elsaid/xlog/extensions/mermaid/main.go:13.13,15.2 1 1
github.com/emad-elsaid/xlog/extensions/mermaid/main.go:19.30,19.50 1 0
github.com/emad-elsaid/xlog/extensions/mermaid/main.go:20.23,22.2 1 0
github.com/emad-elsaid/xlog/extensions/mermaid/main.go:29.42,33.2 2 0
github.com/emad-elsaid/xlog/extensions/opengraph/opengraph.go:20.13,25.2 3 1
github.com/emad-elsaid/xlog/extensions/opengraph/opengraph.go:29.32,29.54 1 0
github.com/emad-elsaid/xlog/extensions/opengraph/opengraph.go:30.25,32.2 1 0
github.com/emad-elsaid/xlog/extensions/opengraph/opengraph.go:34.42,38.30 3 0
github.com/emad-elsaid/xlog/extensions/opengraph/opengraph.go:38.30,40.3 1 0
github.com/emad-elsaid/xlog/extensions/opengraph/opengraph.go:42.2,51.72 8 0
github.com/emad-elsaid/xlog/extensions/opengraph/opengraph.go:51.72,53.3 1 0
github.com/emad-elsaid/xlog/extensions/opengraph/opengraph.go:55.2,95.55 5 0
github.com/emad-elsaid/xlog/extensions/opengraph/opengraph.go:98.59,99.31 1 0
github.com/emad-elsaid/xlog/extensions/opengraph/opengraph.go:99.31,101.3 1 0
github.com/emad-elsaid/xlog/extensions/opengraph/opengraph.go:103.2,104.74 2 0
github.com/emad-elsaid/xlog/extensions/opengraph/opengraph.go:104.74,105.16 1 0
github.com/emad-elsaid/xlog/extensions/opengraph/opengraph.go:105.16,107.4 1 0
github.com/emad-elsaid/xlog/extensions/opengraph/opengraph.go:109.3,109.31 1 0
github.com/emad-elsaid/xlog/extensions/opengraph/opengraph.go:109.31,111.4 1 0
github.com/emad-elsaid/xlog/extensions/opengraph/opengraph.go:113.3,113.23 1 0
github.com/emad-elsaid/xlog/extensions/opengraph/opengraph.go:113.23,116.4 2 0
github.com/emad-elsaid/xlog/extensions/opengraph/opengraph.go:118.3,118.31 1 0
github.com/emad-elsaid/xlog/extensions/opengraph/opengraph.go:121.2,121.31 1 0
github.com/emad-elsaid/xlog/extensions/hotreload/hotreload.go:21.13,23.2 1 0
github.com/emad-elsaid/xlog/extensions/hotreload/hotreload.go:27.32,27.54 1 0
github.com/emad-elsaid/xlog/extensions/hotreload/hotreload.go:28.25,29.21 1 0
github.com/emad-elsaid/xlog/extensions/hotreload/hotreload.go:29.21,31.3 1 0
github.com/emad-elsaid/xlog/extensions/hotreload/hotreload.go:33.2,35.50 3 0
github.com/emad-elsaid/xlog/extensions/hotreload/hotreload.go:38.37,39.17 1 0
github.com/emad-elsaid/xlog/extensions/hotreload/hotreload.go:39.17,41.3 1 0
github.com/emad-elsaid/xlog/extensions/hotreload/hotreload.go:43.2,48.30 4 0
github.com/emad-elsaid/xlog/extensions/hotreload/hotreload.go:48.30,50.17 2 0
github.com/emad-elsaid/xlog/extensions/hotreload/hotreload.go:50.17,51.41 1 0
github.com/emad-elsaid/xlog/extensions/hotreload/hotreload.go:51.41,53.5 1 0
github.com/emad-elsaid/xlog/extensions/hotreload/hotreload.go:54.4,54.27 1 0
github.com/emad-elsaid/xlog/extensions/hotreload/hotreload.go:57.2,57.12 1 0
github.com/emad-elsaid/xlog/extensions/hotreload/hotreload.go:60.40,61.37 1 0
github.com/emad-elsaid/xlog/extensions/hotreload/hotreload.go:61.37,63.17 2 0
github.com/emad-elsaid/xlog/extensions/hotreload/hotreload.go:63.17,66.4 2 0
github.com/emad-elsaid/xlog/extensions/hotreload/hotreload.go:69.3,69.13 1 0
github.com/emad-elsaid/xlog/extensions/hotreload/hotreload.go:69.13,70.17 1 0
github.com/emad-elsaid/xlog/extensions/hotreload/hotreload.go:70.17,74.40 4 0
github.com/emad-elsaid/xlog/extensions/hotreload/hotreload.go:74.40,76.6 1 0
github.com/emad-elsaid/xlog/extensions/hotreload/hotreload.go:79.4,79.8 1 0
github.com/emad-elsaid/xlog/extensions/hotreload/hotreload.go:79.8,81.51 2 0
github.com/emad-elsaid/xlog/extensions/hotreload/hotreload.go:81.51,82.11 1 0
github.com/emad-elsaid/xlog/extensions/hotreload/hotreload.go:87.3,89.24 3 0
github.com/emad-elsaid/xlog/extensions/hotreload/hotreload.go:96.41,98.2 1 0
github.com/emad-elsaid/xlog/extensions/mathjax/extension.go:10.13,12.2 1 0
github.com/emad-elsaid/xlog/extensions/mathjax/extension.go:16.30,16.50 1 0
github.com/emad-elsaid/xlog/extensions/mathjax/extension.go:17.23,32.2 4 0
github.com/emad-elsaid/xlog/extensions/mathjax/nodes.go:12.50,13.57 1 0
github.com/emad-elsaid/xlog/extensions/mathjax/nodes.go:13.57,15.40 2 0
github.com/emad-elsaid/xlog/extensions/mathjax/nodes.go:15.40,17.4 1 0
github.com/emad-elsaid/xlog/extensions/mathjax/nodes.go:19.2,19.13 1 0
github.com/emad-elsaid/xlog/extensions/mathjax/nodes.go:22.53,24.2 1 0
github.com/emad-elsaid/xlog/extensions/mathjax/nodes.go:28.42,28.67 1 0
github.com/emad-elsaid/xlog/extensions/mathjax/nodes.go:36.52,38.2 1 0
github.com/emad-elsaid/xlog/extensions/mathjax/nodes.go:40.41,40.65 1 0
github.com/emad-elsaid/xlog/extensions/mathjax/nodes.go:41.41,41.56 1 0
github.com/emad-elsaid/xlog/extensions/mathjax/parser.go:15.45,15.67 1 0
github.com/emad-elsaid/xlog/extensions/mathjax/parser.go:17.98,20.60 3 0
github.com/emad-elsaid/xlog/extensions/mathjax/parser.go:20.61,21.3 0 0
github.com/emad-elsaid/xlog/extensions/mathjax/parser.go:22.2,25.6 4 0
github.com/emad-elsaid/xlog/extensions/mathjax/parser.go:25.6,27.18 2 0
github.com/emad-elsaid/xlog/extensions/mathjax/parser.go:27.18,30.4 2 0
github.com/emad-elsaid/xlog/extensions/mathjax/parser.go:31.3,31.34 1 0
github.com/emad-elsaid/xlog/extensions/mathjax/parser.go:31.34,33.16 2 0
github.com/emad-elsaid/xlog/extensions/mathjax/parser.go:33.16,35.48 2 0
github.com/emad-elsaid/xlog/extensions/mathjax/parser.go:35.49,36.6 0 0
github.com/emad-elsaid/xlog/extensions/mathjax/parser.go:37.5,38.68 2 0
github.com/emad-elsaid/xlog/extensions/mathjax/parser.go:38.68,40.28 2 0
github.com/emad-elsaid/xlog/extensions/mathjax/parser.go:40.28,42.7 1 0
github.com/emad-elsaid/xlog/extensions/mathjax/parser.go:43.6,44.14 2 0
github.com/emad-elsaid/xlog/extensions/mathjax/parser.go:48.3,48.26 1 0
github.com/emad-elsaid/xlog/extensions/mathjax/parser.go:48.26,50.4 1 0
github.com/emad-elsaid/xlog/extensions/mathjax/parser.go:51.3,51.22 1 0
github.com/emad-elsaid/xlog/extensions/mathjax/parser.go:55.2,55.35 1 0
github.com/emad-elsaid/xlog/extensions/mathjax/parser.go:55.35,59.68 3 0
github.com/emad-elsaid/xlog/extensions/mathjax/parser.go:59.68,61.4 1 0
github.com/emad-elsaid/xlog/extensions/mathjax/parser.go:62.3,63.69 2 0
github.com/emad-elsaid/xlog/extensions/mathjax/parser.go:63.69,65.4 1 0
github.com/emad-elsaid/xlog/extensions/mathjax/parser.go:66.3,66.20 1 0
github.com/emad-elsaid/xlog/extensions/mathjax/parser.go:66.20,73.4 6 0
github.com/emad-elsaid/xlog/extensions/mathjax/parser.go:76.2,76.13 1 0
github.com/emad-elsaid/xlog/extensions/mathjax/parser.go:87.116,89.17 2 0
github.com/emad-elsaid/xlog/extensions/mathjax/parser.go:89.17,91.3 1 0
github.com/emad-elsaid/xlog/extensions/mathjax/parser.go:93.2,94.15 2 0
github.com/emad-elsaid/xlog/extensions/mathjax/parser.go:94.15,96.3 1 0
github.com/emad-elsaid/xlog/extensions/mathjax/parser.go:97.2,97.22 1 0
github.com/emad-elsaid/xlog/extensions/mathjax/parser.go:97.22,99.3 1 0
github.com/emad-elsaid/xlog/extensions/mathjax/parser.go:100.2,101.45 2 0
github.com/emad-elsaid/xlog/extensions/mathjax/parser.go:101.46,102.3 0 0
github.com/emad-elsaid/xlog/extensions/mathjax/parser.go:103.2,103.15 1 0
github.com/emad-elsaid/xlog/extensions/mathjax/parser.go:103.15,105.3 1 0
github.com/emad-elsaid/xlog/extensions/mathjax/parser.go:106.2,108.32 3 0
github.com/emad-elsaid/xlog/extensions/mathjax/parser.go:111.106,113.17 2 0
github.com/emad-elsaid/xlog/extensions/mathjax/parser.go:113.17,115.3 1 0
github.com/emad-elsaid/xlog/extensions/mathjax/parser.go:117.2,119.11 3 0
github.com/emad-elsaid/xlog/extensions/mathjax/parser.go:119.11,121.46 2 0
github.com/emad-elsaid/xlog/extensions/mathjax/parser.go:121.47,122.4 0 0
github.com/emad-elsaid/xlog/extensions/mathjax/parser.go:123.3,124.44 2 0
github.com/emad-elsaid/xlog/extensions/mathjax/parser.go:124.44,127.4 2 0
github.com/emad-elsaid/xlog/extensions/mathjax/parser.go:130.2,134.44 5 0
github.com/emad-elsaid/xlog/extensions/mathjax/parser.go:137.90,139.2 1 0
github.com/emad-elsaid/xlog/extensions/mathjax/parser.go:141.59,141.74 1 0
github.com/emad-elsaid/xlog/extensions/mathjax/parser.go:142.59,142.75 1 0
github.com/emad-elsaid/xlog/extensions/mathjax/parser.go:143.59,143.73 1 0
github.com/emad-elsaid/xlog/extensions/mathjax/renderer.go:29.27,30.76 1 0
github.com/emad-elsaid/xlog/extensions/mathjax/renderer.go:30.76,31.17 1 0
github.com/emad-elsaid/xlog/extensions/mathjax/renderer.go:31.17,33.4 1 0
github.com/emad-elsaid/xlog/extensions/mathjax/renderer.go:35.3,35.16 1 0
github.com/emad-elsaid/xlog/extensions/mathjax/renderer.go:35.16,37.4 1 0
github.com/emad-elsaid/xlog/extensions/mathjax/renderer.go:39.3,41.13 2 0
github.com/emad-elsaid/xlog/extensions/mathjax/renderer.go:50.85,52.2 1 0
github.com/emad-elsaid/xlog/extensions/mathjax/renderer.go:54.131,55.14 1 0
github.com/emad-elsaid/xlog/extensions/mathjax/renderer.go:55.14,57.58 2 0
github.com/emad-elsaid/xlog/extensions/mathjax/renderer.go:57.58,60.44 3 0
github.com/emad-elsaid/xlog/extensions/mathjax/renderer.go:60.44,62.27 2 0
github.com/emad-elsaid/xlog/extensions/mathjax/renderer.go:62.27,64.6 1 0
github.com/emad-elsaid/xlog/extensions/mathjax/renderer.go:65.10,67.5 1 0
github.com/emad-elsaid/xlog/extensions/mathjax/renderer.go:69.3,69.35 1 0
github.com/emad-elsaid/xlog/extensions/mathjax/renderer.go:71.2,72.30 2 0
github.com/emad-elsaid/xlog/extensions/mathjax/renderer.go:80.84,82.2 1 0
github.com/emad-elsaid/xlog/extensions/mathjax/renderer.go:84.132,86.14 2 0
github.com/emad-elsaid/xlog/extensions/mathjax/renderer.go:86.14,89.26 3 0
github.com/emad-elsaid/xlog/extensions/mathjax/renderer.go:89.26,92.4 2 0
github.com/emad-elsaid/xlog/extensions/mathjax/renderer.go:93.8,95.3 1 0
github.com/emad-elsaid/xlog/extensions/mathjax/renderer.go:96.2,96.30 1 0
github.com/emad-elsaid/xlog/extensions/photos/photos.go:37.13,39.2 1 1
github.com/emad-elsaid/xlog/extensions/photos/photos.go:43.29,43.48 1 0
github.com/emad-elsaid/xlog/extensions/photos/photos.go:44.22,51.2 6 0
github.com/emad-elsaid/xlog/extensions/photos/photos.go:61.31,65.2 3 0
github.com/emad-elsaid/xlog/extensions/photos/photos.go:67.41,67.54 1 0
github.com/emad-elsaid/xlog/extensions/photos/photos.go:68.41,68.57 1 0
github.com/emad-elsaid/xlog/extensions/photos/photos.go:69.41,69.54 1 0
github.com/emad-elsaid/xlog/extensions/photos/photos.go:70.41,70.57 1 0
github.com/emad-elsaid/xlog/extensions/photos/photos.go:71.41,71.57 1 0
github.com/emad-elsaid/xlog/extensions/photos/photos.go:72.41,72.63 1 0
github.com/emad-elsaid/xlog/extensions/photos/photos.go:73.41,73.60 1 0
github.com/emad-elsaid/xlog/extensions/photos/photos.go:74.40,76.2 1 0
github.com/emad-elsaid/xlog/extensions/photos/photos.go:78.44,80.16 2 0
github.com/emad-elsaid/xlog/extensions/photos/photos.go:80.16,82.3 1 0
github.com/emad-elsaid/xlog/extensions/photos/photos.go:84.2,85.16 2 0
github.com/emad-elsaid/xlog/extensions/photos/photos.go:85.16,87.3 1 0
github.com/emad-elsaid/xlog/extensions/photos/photos.go:88.2,88.15 1 0
github.com/emad-elsaid/xlog/extensions/photos/photos.go:88.15,89.59 1 0
github.com/emad-elsaid/xlog/extensions/photos/photos.go:89.59,91.4 1 0
github.com/emad-elsaid/xlog/extensions/photos/photos.go:94.2,97.21 3 0
github.com/emad-elsaid/xlog/extensions/photos/photos.go:97.21,99.17 2 0
[...]
github.com/emad-elsaid/xlog/markdown/util/util.go:786.12,788.3 1 0
github.com/emad-elsaid/xlog/markdown/util/util.go:789.2,789.32 1 0
github.com/emad-elsaid/xlog/markdown/util/util.go:789.32,791.3 1 0
github.com/emad-elsaid/xlog/markdown/util/util.go:792.2,793.17 2 0
github.com/emad-elsaid/xlog/markdown/util/util.go:793.17,795.3 1 0
github.com/emad-elsaid/xlog/markdown/util/util.go:801.2,803.17 2 0
github.com/emad-elsaid/xlog/markdown/util/util.go:803.17,805.28 1 0
github.com/emad-elsaid/xlog/markdown/util/util.go:805.28,807.4 1 0
github.com/emad-elsaid/xlog/markdown/util/util.go:808.3,812.39 3 0
github.com/emad-elsaid/xlog/markdown/util/util.go:812.39,814.37 2 0
github.com/emad-elsaid/xlog/markdown/util/util.go:814.37,816.5 1 0
github.com/emad-elsaid/xlog/markdown/util/util.go:816.10,817.10 1 0
github.com/emad-elsaid/xlog/markdown/util/util.go:822.3,822.40 1 0
github.com/emad-elsaid/xlog/markdown/util/util.go:822.40,824.4 1 0
github.com/emad-elsaid/xlog/markdown/util/util.go:827.3,827.18 1 0
github.com/emad-elsaid/xlog/markdown/util/util.go:827.18,829.23 1 0
github.com/emad-elsaid/xlog/markdown/util/util.go:829.23,831.5 1 0
github.com/emad-elsaid/xlog/markdown/util/util.go:832.4,832.13 1 0
github.com/emad-elsaid/xlog/markdown/util/util.go:836.3,836.18 1 0
github.com/emad-elsaid/xlog/markdown/util/util.go:836.18,838.19 2 0
github.com/emad-elsaid/xlog/markdown/util/util.go:838.19,841.5 1 0
github.com/emad-elsaid/xlog/markdown/util/util.go:842.4,842.12 1 0
github.com/emad-elsaid/xlog/markdown/util/util.go:846.3,846.8 1 0
github.com/emad-elsaid/xlog/markdown/util/util.go:850.2,850.21 1 0
github.com/emad-elsaid/xlog/markdown/util/util.go:850.21,852.3 1 0
github.com/emad-elsaid/xlog/markdown/util/util.go:853.2,853.11 1 0
github.com/emad-elsaid/xlog/markdown/util/util.go:873.27,875.2 1 0
github.com/emad-elsaid/xlog/markdown/util/util.go:878.27,880.2 1 0
github.com/emad-elsaid/xlog/markdown/util/util.go:883.31,885.2 1 0
github.com/emad-elsaid/xlog/markdown/util/util.go:888.27,890.2 1 0
github.com/emad-elsaid/xlog/markdown/util/util.go:893.31,895.2 1 0
github.com/emad-elsaid/xlog/markdown/util/util.go:898.29,900.2 1 0
github.com/emad-elsaid/xlog/markdown/util/util.go:903.32,905.2 1 0
github.com/emad-elsaid/xlog/markdown/util/util.go:908.34,910.2 1 0
github.com/emad-elsaid/xlog/markdown/util/util.go:935.34,936.36 1 0
github.com/emad-elsaid/xlog/markdown/util/util.go:936.36,938.3 1 0
github.com/emad-elsaid/xlog/markdown/util/util.go:942.58,945.24 3 0
github.com/emad-elsaid/xlog/markdown/util/util.go:945.24,946.22 1 0
github.com/emad-elsaid/xlog/markdown/util/util.go:946.22,948.9 2 0
github.com/emad-elsaid/xlog/markdown/util/util.go:951.2,951.12 1 0
github.com/emad-elsaid/xlog/markdown/util/util.go:951.12,953.3 1 0
github.com/emad-elsaid/xlog/markdown/util/util.go:954.2,954.34 1 0
github.com/emad-elsaid/xlog/markdown/util/util.go:958.56,960.2 1 0
github.com/emad-elsaid/xlog/markdown/util/util.go:962.33,964.22 2 0
github.com/emad-elsaid/xlog/markdown/util/util.go:964.22,966.3 1 0
github.com/emad-elsaid/xlog/markdown/util/util.go:967.2,967.13 1 0
github.com/emad-elsaid/xlog/markdown/util/util.go:994.53,999.35 2 0
github.com/emad-elsaid/xlog/markdown/util/util.go:999.35,1001.3 1 0
github.com/emad-elsaid/xlog/markdown/util/util.go:1002.2,1002.10 1 0
github.com/emad-elsaid/xlog/markdown/util/util.go:1007.56,1013.37 3 0
github.com/emad-elsaid/xlog/markdown/util/util.go:1013.37,1014.25 1 0
github.com/emad-elsaid/xlog/markdown/util/util.go:1014.25,1017.4 2 0
github.com/emad-elsaid/xlog/markdown/util/util.go:1019.2,1019.27 1 0
github.com/emad-elsaid/xlog/markdown/util/util.go:1019.27,1021.3 1 0
github.com/emad-elsaid/xlog/markdown/util/util.go:1022.2,1022.10 1 0
github.com/emad-elsaid/xlog/markdown/util/util.go:1026.37,1029.21 3 0
github.com/emad-elsaid/xlog/markdown/util/util.go:1029.21,1031.3 1 0
github.com/emad-elsaid/xlog/markdown/util/util.go:1032.2,1032.25 1 0
github.com/emad-elsaid/xlog/markdown/util/util.go:1032.25,1034.3 1 0
github.com/emad-elsaid/xlog/markdown/util/util.go:1035.2,1037.17 3 0
github.com/emad-elsaid/xlog/markdown/util/util.go:1037.17,1039.3 1 0
github.com/emad-elsaid/xlog/markdown/util/util.go:1040.2,1040.30 1 0
github.com/emad-elsaid/xlog/markdown/util/util.go:1043.56,1047.28 4 0
github.com/emad-elsaid/xlog/markdown/util/util.go:1047.28,1051.3 3 0
github.com/emad-elsaid/xlog/markdown/util/util.go:1052.2,1052.23 1 0
github.com/emad-elsaid/xlog/markdown/util/util.go:1052.23,1054.3 1 0
github.com/emad-elsaid/xlog/markdown/util/util.go:1055.2,1055.18 1 0
github.com/emad-elsaid/xlog/markdown/util/util.go:1058.65,1062.28 4 0
github.com/emad-elsaid/xlog/markdown/util/util.go:1062.28,1066.3 3 0
github.com/emad-elsaid/xlog/markdown/util/util.go:1067.2,1068.37 2 0
github.com/emad-elsaid/xlog/markdown/util/util.go:1068.37,1069.25 1 0
github.com/emad-elsaid/xlog/markdown/util/util.go:1069.25,1072.4 2 0
github.com/emad-elsaid/xlog/markdown/util/util.go:1074.2,1074.27 1 0
github.com/emad-elsaid/xlog/markdown/util/util.go:1074.27,1076.3 1 0
github.com/emad-elsaid/xlog/markdown/util/util.go:1077.2,1077.18 1 0
github.com/emad-elsaid/xlog/markdown/util/util.go:1080.47,1083.21 3 0
github.com/emad-elsaid/xlog/markdown/util/util.go:1083.21,1085.3 1 0
github.com/emad-elsaid/xlog/markdown/util/util.go:1086.2,1086.25 1 0
github.com/emad-elsaid/xlog/markdown/util/util.go:1086.25,1087.45 1 0
github.com/emad-elsaid/xlog/markdown/util/util.go:1087.45,1089.4 1 0
github.com/emad-elsaid/xlog/markdown/util/util.go:1091.2,1093.20 3 0
github.com/emad-elsaid/xlog/markdown/util/util.go:1093.20,1095.3 1 0
github.com/emad-elsaid/xlog/markdown/util/util.go:1096.2,1096.31 1 0
github.com/emad-elsaid/xlog/markdown/util/util.go:1096.31,1097.30 1 0
github.com/emad-elsaid/xlog/markdown/util/util.go:1097.30,1099.4 1 0
github.com/emad-elsaid/xlog/markdown/util/util.go:1101.2,1101.14 1 0
github.com/emad-elsaid/xlog/markdown/util/util_cjk.go:181.39,188.2 1 0
github.com/emad-elsaid/xlog/markdown/util/util_cjk.go:192.48,222.2 1 0
github.com/emad-elsaid/xlog/markdown/util/util_cjk.go:226.36,227.9 1 0
github.com/emad-elsaid/xlog/markdown/util/util_cjk.go:230.32,231.13 1 0
github.com/emad-elsaid/xlog/markdown/util/util_cjk.go:239.32,240.13 1 0
github.com/emad-elsaid/xlog/markdown/util/util_cjk.go:279.34,280.13 1 0
github.com/emad-elsaid/xlog/markdown/util/util_cjk.go:288.32,289.14 1 0
github.com/emad-elsaid/xlog/markdown/util/util_cjk.go:463.36,464.13 1 0
github.com/emad-elsaid/xlog/markdown/util/util_cjk.go:466.10,467.13 1 0
github.com/emad-elsaid/xlog/markdown/util/util_unsafe_go121.go:11.45,13.2 1 0
github.com/emad-elsaid/xlog/markdown/util/util_unsafe_go121.go:16.45,18.2 1 0
github.com/emad-elsaid/xlog/extensions/upload_file/extension.go:32.13,34.2 1 0
github.com/emad-elsaid/xlog/extensions/upload_file/extension.go:38.33,38.57 1 0
github.com/emad-elsaid/xlog/extensions/upload_file/extension.go:39.26,40.21 1 0
github.com/emad-elsaid/xlog/extensions/upload_file/extension.go:40.21,42.3 1 0
github.com/emad-elsaid/xlog/extensions/upload_file/extension.go:44.2,45.41 2 0
github.com/emad-elsaid/xlog/extensions/upload_file/extension.go:45.41,46.18 1 0
github.com/emad-elsaid/xlog/extensions/upload_file/extension.go:46.18,48.4 1 0
github.com/emad-elsaid/xlog/extensions/upload_file/extension.go:50.3,56.4 1 0
github.com/emad-elsaid/xlog/extensions/upload_file/extension.go:59.2,66.42 7 0
github.com/emad-elsaid/xlog/extensions/upload_file/extension.go:69.42,70.62 1 0
github.com/emad-elsaid/xlog/extensions/upload_file/extension.go:70.62,72.3 1 0
github.com/emad-elsaid/xlog/extensions/upload_file/extension.go:74.2,77.55 3 0
github.com/emad-elsaid/xlog/extensions/upload_file/extension.go:77.55,79.3 1 0
github.com/emad-elsaid/xlog/extensions/upload_file/extension.go:81.2,83.26 3 0
github.com/emad-elsaid/xlog/extensions/upload_file/extension.go:83.26,84.16 1 0
github.com/emad-elsaid/xlog/extensions/upload_file/extension.go:84.16,84.33 1 0
github.com/emad-elsaid/xlog/extensions/upload_file/extension.go:85.3,91.73 6 0
github.com/emad-elsaid/xlog/extensions/upload_file/extension.go:91.73,93.4 1 0
github.com/emad-elsaid/xlog/extensions/upload_file/extension.go:94.3,95.17 2 0
github.com/emad-elsaid/xlog/extensions/upload_file/extension.go:95.17,97.4 1 0
github.com/emad-elsaid/xlog/extensions/upload_file/extension.go:99.3,99.52 1 0
github.com/emad-elsaid/xlog/extensions/upload_file/extension.go:99.52,101.4 1 0
github.com/emad-elsaid/xlog/extensions/upload_file/extension.go:102.3,103.17 2 0
github.com/emad-elsaid/xlog/extensions/upload_file/extension.go:103.17,105.4 1 0
github.com/emad-elsaid/xlog/extensions/upload_file/extension.go:107.3,107.10 1 0
github.com/emad-elsaid/xlog/extensions/upload_file/extension.go:108.48,109.39 1 0
github.com/emad-elsaid/xlog/extensions/upload_file/extension.go:110.48,111.67 1 0
github.com/emad-elsaid/xlog/extensions/upload_file/extension.go:112.47,113.67 1 0
github.com/emad-elsaid/xlog/extensions/upload_file/extension.go:114.11,115.48 1 0
github.com/emad-elsaid/xlog/extensions/upload_file/extension.go:119.2,119.37 1 0
github.com/emad-elsaid/xlog/extensions/upload_file/extension.go:119.37,123.3 3 0
github.com/emad-elsaid/xlog/extensions/upload_file/extension.go:125.2,125.26 1 0
github.com/emad-elsaid/xlog/extensions/upload_file/extension.go:128.53,132.2 2 0
github.com/emad-elsaid/xlog/extensions/upload_file/record_audio.go:15.34,15.69 1 0
github.com/emad-elsaid/xlog/extensions/upload_file/record_audio.go:16.34,16.59 1 0
github.com/emad-elsaid/xlog/extensions/upload_file/record_audio.go:17.56,26.2 2 0
github.com/emad-elsaid/xlog/extensions/upload_file/record_audio.go:28.50,35.2 2 0
github.com/emad-elsaid/xlog/extensions/upload_file/record_camera.go:15.35,15.65 1 0
github.com/emad-elsaid/xlog/extensions/upload_file/record_camera.go:16.35,16.61 1 0
github.com/emad-elsaid/xlog/extensions/upload_file/record_camera.go:17.57,26.2 2 0
github.com/emad-elsaid/xlog/extensions/upload_file/record_camera.go:28.51,35.2 2 0
github.com/emad-elsaid/xlog/extensions/upload_file/record_screen.go:15.35,15.67 1 0
github.com/emad-elsaid/xlog/extensions/upload_file/record_screen.go:16.35,16.61 1 0
github.com/emad-elsaid/xlog/extensions/upload_file/record_screen.go:17.57,24.2 2 0
github.com/emad-elsaid/xlog/extensions/upload_file/record_screen.go:26.51,33.2 2 0
github.com/emad-elsaid/xlog/extensions/upload_file/screenshot.go:15.33,15.64 1 0
github.com/emad-elsaid/xlog/extensions/upload_file/screenshot.go:16.33,16.56 1 0
github.com/emad-elsaid/xlog/extensions/upload_file/screenshot.go:17.55,24.2 2 0
github.com/emad-elsaid/xlog/extensions/upload_file/screenshot.go:26.49,33.2 2 0
github.com/emad-elsaid/xlog/extensions/upload_file/upload.go:15.29,15.67 1 0
github.com/emad-elsaid/xlog/extensions/upload_file/upload.go:16.29,16.53 1 0
github.com/emad-elsaid/xlog/extensions/upload_file/upload.go:17.51,26.2 2 0
github.com/emad-elsaid/xlog/extensions/upload_file/upload.go:28.45,35.2 2 0
github.com/emad-elsaid/xlog/markdown/extension/ast/definition_list.go:16.57,18.2 1 0
github.com/emad-elsaid/xlog/markdown/extension/ast/definition_list.go:24.47,26.2 1 0
github.com/emad-elsaid/xlog/markdown/extension/ast/definition_list.go:29.74,34.2 1 0
github.com/emad-elsaid/xlog/markdown/extension/ast/definition_list.go:43.57,45.2 1 0
github.com/emad-elsaid/xlog/markdown/extension/ast/definition_list.go:51.47,53.2 1 0
github.com/emad-elsaid/xlog/markdown/extension/ast/definition_list.go:56.42,58.2 1 0
github.com/emad-elsaid/xlog/markdown/extension/ast/definition_list.go:68.64,70.2 1 0
github.com/emad-elsaid/xlog/markdown/extension/ast/definition_list.go:76.54,78.2 1 0
github.com/emad-elsaid/xlog/markdown/extension/ast/definition_list.go:81.56,83.2 1 0
github.com/emad-elsaid/xlog/markdown/extension/ast/footnote.go:19.55,25.2 5 0
github.com/emad-elsaid/xlog/markdown/extension/ast/footnote.go:31.45,33.2 1 0
github.com/emad-elsaid/xlog/markdown/extension/ast/footnote.go:36.47,42.2 1 0
github.com/emad-elsaid/xlog/markdown/extension/ast/footnote.go:54.59,60.2 5 0
github.com/emad-elsaid/xlog/markdown/extension/ast/footnote.go:66.49,68.2 1 0
github.com/emad-elsaid/xlog/markdown/extension/ast/footnote.go:71.55,77.2 1 0
github.com/emad-elsaid/xlog/markdown/extension/ast/footnote.go:88.51,93.2 4 0
github.com/emad-elsaid/xlog/markdown/extension/ast/footnote.go:99.41,101.2 1 0
github.com/emad-elsaid/xlog/markdown/extension/ast/footnote.go:104.40,109.2 1 0
github.com/emad-elsaid/xlog/markdown/extension/ast/footnote.go:119.55,123.2 3 0
github.com/emad-elsaid/xlog/markdown/extension/ast/footnote.go:129.45,131.2 1 0
github.com/emad-elsaid/xlog/markdown/extension/ast/footnote.go:134.38,138.2 1 0
github.com/emad-elsaid/xlog/markdown/extension/ast/strikethrough.go:14.56,16.2 1 0
github.com/emad-elsaid/xlog/markdown/extension/ast/strikethrough.go:22.46,24.2 1 0
github.com/emad-elsaid/xlog/markdown/extension/ast/strikethrough.go:27.40,29.2 1 0
github.com/emad-elsaid/xlog/markdown/extension/ast/table.go:27.36,28.11 1 0
github.com/emad-elsaid/xlog/markdown/extension/ast/table.go:29.17,30.16 1 0
github.com/emad-elsaid/xlog/markdown/extension/ast/table.go:31.18,32.17 1 0
github.com/emad-elsaid/xlog/markdown/extension/ast/table.go:33.19,34.18 1 0
github.com/emad-elsaid/xlog/markdown/extension/ast/table.go:35.17,36.16 1 0
github.com/emad-elsaid/xlog/markdown/extension/ast/table.go:38.2,38.11 1 0
github.com/emad-elsaid/xlog/markdown/extension/ast/table.go:50.48,51.57 1 0
github.com/emad-elsaid/xlog/markdown/extension/ast/table.go:51.57,54.42 3 0
github.com/emad-elsaid/xlog/markdown/extension/ast/table.go:54.42,57.32 3 0
github.com/emad-elsaid/xlog/markdown/extension/ast/table.go:57.32,59.5 1 0
github.com/emad-elsaid/xlog/markdown/extension/ast/table.go:61.3,61.32 1 0
github.com/emad-elsaid/xlog/markdown/extension/ast/table.go:69.38,71.2 1 0
github.com/emad-elsaid/xlog/markdown/extension/ast/table.go:74.24,78.2 1 0
github.com/emad-elsaid/xlog/markdown/extension/ast/table.go:87.51,89.2 1 0
github.com/emad-elsaid/xlog/markdown/extension/ast/table.go:95.41,97.2 1 0
github.com/emad-elsaid/xlog/markdown/extension/ast/table.go:100.52,102.2 1 0
github.com/emad-elsaid/xlog/markdown/extension/ast/table.go:114.44,116.2 1 0
github.com/emad-elsaid/xlog/markdown/extension/ast/table.go:119.54,121.2 1 0
github.com/emad-elsaid/xlog/markdown/extension/ast/table.go:124.49,126.39 2 0
github.com/emad-elsaid/xlog/markdown/extension/ast/table.go:126.39,130.3 3 0
github.com/emad-elsaid/xlog/markdown/extension/ast/table.go:131.2,131.10 1 0
github.com/emad-elsaid/xlog/markdown/extension/ast/table.go:141.52,143.2 1 0
github.com/emad-elsaid/xlog/markdown/extension/ast/table.go:149.42,151.2 1 0
github.com/emad-elsaid/xlog/markdown/extension/ast/table.go:154.32,158.2 1 0
github.com/emad-elsaid/xlog/markdown/extension/ast/tasklist.go:15.55,20.2 2 0
github.com/emad-elsaid/xlog/markdown/extension/ast/tasklist.go:26.45,28.2 1 0
github.com/emad-elsaid/xlog/markdown/extension/ast/tasklist.go:31.50,35.2 1 0
github.com/emad-elsaid/xlog/markdown/emoji/ast/emoji.go:20.48,26.2 2 0
github.com/emad-elsaid/xlog/markdown/emoji/ast/emoji.go:32.38,34.2 1 0
github.com/emad-elsaid/xlog/markdown/emoji/ast/emoji.go:37.65,42.2 1 0
github.com/emad-elsaid/xlog/markdown/emoji/definition/definition.go:16.72,17.26 1 0
github.com/emad-elsaid/xlog/markdown/emoji/definition/definition.go:17.26,18.50 1 0
github.com/emad-elsaid/xlog/markdown/emoji/definition/definition.go:20.2,20.23 1 0
github.com/emad-elsaid/xlog/markdown/emoji/definition/definition.go:20.23,22.3 1 0
github.com/emad-elsaid/xlog/markdown/emoji/definition/definition.go:23.2,27.3 1 0
github.com/emad-elsaid/xlog/markdown/emoji/definition/definition.go:31.35,33.2 1 0
github.com/emad-elsaid/xlog/markdown/emoji/definition/definition.go:54.36,60.20 2 0
github.com/emad-elsaid/xlog/markdown/emoji/definition/definition.go:60.20,62.38 2 0
github.com/emad-elsaid/xlog/markdown/emoji/definition/definition.go:62.38,64.4 1 0
github.com/emad-elsaid/xlog/markdown/emoji/definition/definition.go:66.2,66.10 1 0
github.com/emad-elsaid/xlog/markdown/emoji/definition/definition.go:69.37,71.2 1 0
github.com/emad-elsaid/xlog/markdown/emoji/definition/definition.go:73.33,81.2 3 0
github.com/emad-elsaid/xlog/markdown/emoji/definition/definition.go:83.55,85.8 2 0
github.com/emad-elsaid/xlog/markdown/emoji/definition/definition.go:85.8,87.3 1 0
github.com/emad-elsaid/xlog/markdown/emoji/definition/definition.go:89.2,89.32 1 0
github.com/emad-elsaid/xlog/markdown/emoji/definition/definition.go:89.32,91.9 2 0
github.com/emad-elsaid/xlog/markdown/emoji/definition/definition.go:91.9,93.4 1 0
github.com/emad-elsaid/xlog/markdown/emoji/definition/definition.go:95.2,95.19 1 0
github.com/emad-elsaid/xlog/markdown/emoji/definition/definition.go:102.47,103.24 1 0
github.com/emad-elsaid/xlog/markdown/emoji/definition/definition.go:103.24,105.3 1 0
github.com/emad-elsaid/xlog/markdown/emoji/definition/github.go:11.42,12.23 1 0
github.com/emad-elsaid/xlog/markdown/emoji/definition/github.go:12.23,19.38 6 0
github.com/emad-elsaid/xlog/markdown/emoji/definition/github.go:19.38,29.35 9 0
github.com/emad-elsaid/xlog/markdown/emoji/definition/github.go:29.35,31.5 1 0
github.com/emad-elsaid/xlog/markdown/emoji/definition/github.go:33.4,35.29 3 0
github.com/emad-elsaid/xlog/markdown/emoji/definition/github.go:37.3,40.4 1 0
github.com/emad-elsaid/xlog/markdown/emoji/definition/github.go:43.2,43.20 1 0
github.com/emad-elsaid/xlog/markdown/emoji/definition/github.go:43.20,45.3 1 0
github.com/emad-elsaid/xlog/markdown/emoji/definition/github.go:47.2,48.27 2 0
github.com/emad-elsaid/xlog/markdown/emoji/definition/github.go:48.27,50.3 1 0
github.com/emad-elsaid/xlog/markdown/emoji/definition/github.go:52.2,52.10 1 0
github.com/emad-elsaid/xlog/markdown/renderer/renderer.go:20.26,25.2 1 0
github.com/emad-elsaid/xlog/markdown/renderer/renderer.go:39.50,41.2 1 0
github.com/emad-elsaid/xlog/markdown/renderer/renderer.go:45.60,47.2 1 0
github.com/emad-elsaid/xlog/markdown/renderer/renderer.go:54.43,56.2 1 0
github.com/emad-elsaid/xlog/markdown/renderer/renderer.go:60.52,62.2 1 0
github.com/emad-elsaid/xlog/markdown/renderer/renderer.go:106.46,108.30 2 0
github.com/emad-elsaid/xlog/markdown/renderer/renderer.go:108.30,110.3 1 0
github.com/emad-elsaid/xlog/markdown/renderer/renderer.go:112.2,118.10 2 0
github.com/emad-elsaid/xlog/markdown/renderer/renderer.go:121.47,122.27 1 0
github.com/emad-elsaid/xlog/markdown/renderer/renderer.go:122.27,124.3 1 0
github.com/emad-elsaid/xlog/markdown/renderer/renderer.go:127.68,129.27 2 0
github.com/emad-elsaid/xlog/markdown/renderer/renderer.go:129.27,131.3 1 0
github.com/emad-elsaid/xlog/markdown/renderer/renderer.go:135.73,136.23 1 0
github.com/emad-elsaid/xlog/markdown/renderer/renderer.go:136.23,140.31 4 0
github.com/emad-elsaid/xlog/markdown/renderer/renderer.go:140.31,143.43 3 0
github.com/emad-elsaid/xlog/markdown/renderer/renderer.go:143.43,144.42 1 0
github.com/emad-elsaid/xlog/markdown/renderer/renderer.go:144.42,146.6 1 0
github.com/emad-elsaid/xlog/markdown/renderer/renderer.go:148.4,148.23 1 0
github.com/emad-elsaid/xlog/markdown/renderer/renderer.go:150.3,151.48 2 0
github.com/emad-elsaid/xlog/markdown/renderer/renderer.go:151.48,153.4 1 0
github.com/emad-elsaid/xlog/markdown/renderer/renderer.go:154.3,155.31 2 0
github.com/emad-elsaid/xlog/markdown/renderer/renderer.go:157.2,158.9 2 0
github.com/emad-elsaid/xlog/markdown/renderer/renderer.go:158.9,160.3 1 0
github.com/emad-elsaid/xlog/markdown/renderer/renderer.go:161.2,161.77 1 0
github.com/emad-elsaid/xlog/markdown/renderer/renderer.go:161.77,165.15 4 0
github.com/emad-elsaid/xlog/markdown/renderer/renderer.go:165.15,167.4 1 0
github.com/emad-elsaid/xlog/markdown/renderer/renderer.go:168.3,168.16 1 0
github.com/emad-elsaid/xlog/markdown/renderer/renderer.go:170.2,170.16 1 0
github.com/emad-elsaid/xlog/markdown/renderer/renderer.go:170.16,172.3 1 0
github.com/emad-elsaid/xlog/markdown/renderer/renderer.go:173.2,173.23 1 0
